#! /c/Source/iverilog-install/bin/vvp
:ivl_version "12.0 (devel)" "(s20150603-1539-g2693dd32b)";
:ivl_delay_selection "TYPICAL";
:vpi_time_precision - 12;
:vpi_module "C:\iverilog\lib\ivl\system.vpi";
:vpi_module "C:\iverilog\lib\ivl\vhdl_sys.vpi";
:vpi_module "C:\iverilog\lib\ivl\vhdl_textio.vpi";
:vpi_module "C:\iverilog\lib\ivl\v2005_math.vpi";
:vpi_module "C:\iverilog\lib\ivl\va_math.vpi";
S_0000015331ff55a0 .scope module, "memory_firewall_tb" "memory_firewall_tb" 2 3;
 .timescale -9 -12;
v000001533206b390_0 .net "access_denied", 0 0, v00000153320670f0_0;  1 drivers
v000001533206b2f0_0 .net "access_granted", 0 0, v00000153320674b0_0;  1 drivers
v000001533206a350_0 .var "address", 31 0;
v000001533206a3f0_0 .net "alert", 0 0, v0000015332067410_0;  1 drivers
v000001533206ab70_0 .var "clk", 0 0;
v000001533206a990_0 .net "dbg_addr_s1", 31 0, L_0000015331fdeb50;  1 drivers
v000001533206a8f0_0 .net "dbg_addr_s2", 31 0, L_0000015331fdebc0;  1 drivers
v000001533206acb0_0 .net "dbg_addr_s3", 31 0, L_0000015331fdeca0;  1 drivers
v000001533206b570_0 .net "dbg_cache_hit", 0 0, L_0000015331fdf020;  1 drivers
v000001533206a530_0 .net "dbg_stall", 0 0, L_0000015331fdee60;  1 drivers
v000001533206b610_0 .net "dbg_valid_s1", 0 0, L_0000015331fded10;  1 drivers
v000001533206b110_0 .net "dbg_valid_s2", 0 0, L_0000015331fded80;  1 drivers
v000001533206b930_0 .net "dbg_valid_s3", 0 0, L_0000015331fdedf0;  1 drivers
v000001533206a2b0_0 .var "input_valid", 0 0;
v000001533206aa30_0 .var/i "log_file", 31 0;
v000001533206a710_0 .var "log_s1", 0 0;
v000001533206ba70_0 .var "log_s2", 0 0;
v000001533206c010_0 .var "log_s3", 0 0;
v000001533206a5d0_0 .var "prev_locked_regions", 15 0;
v000001533206afd0_0 .var "prev_stall", 0 0;
v000001533206aad0_0 .var "prev_threat_level", 1 0;
v000001533206bc50_0 .var "prev_total_violations", 7 0;
v000001533206bd90_0 .var "printing_enabled", 0 0;
v000001533206be30_0 .var "privilege", 1 0;
v000001533206a490_0 .var "reset", 0 0;
v000001533206ad50_0 .var "rw", 0 0;
v000001533206adf0_0 .net "threat_level", 1 0, v0000015332069b00_0;  1 drivers
v000001533206b070_0 .net "total_violations", 7 0, v0000015332069380_0;  1 drivers
S_0000015331f33cd0 .scope task, "end_pipeline" "end_pipeline" 2 156, 2 156 0, S_0000015331ff55a0;
 .timescale -9 -12;
TD_memory_firewall_tb.end_pipeline ;
    %pushi/vec4 0, 0, 1;
    %store/vec4 v000001533206bd90_0, 0, 1;
    %pushi/vec4 0, 0, 1;
    %store/vec4 v000001533206a2b0_0, 0, 1;
    %pushi/vec4 0, 0, 32;
    %store/vec4 v000001533206a350_0, 0, 32;
    %end;
S_0000015331fbfad0 .scope task, "make_evaluated_request" "make_evaluated_request" 2 117, 2 117 0, S_0000015331ff55a0;
 .timescale -9 -12;
v0000015331fcf420_0 .var "addr", 31 0;
v0000015331fcf600_0 .var "desc", 320 1;
v0000015331fcfce0_0 .var "expect_denial", 0 0;
v0000015331fcfb00_0 .var "priv", 1 0;
v0000015331fd01e0_0 .var "write_en", 0 0;
E_0000015331ffd330 .event posedge, v0000015331fd0140_0;
TD_memory_firewall_tb.make_evaluated_request ;
    %vpi_call 2 119 "$display", "\012>>> INJECTING REQUEST: %s <<<", v0000015331fcf600_0 {0 0 0};
    %vpi_call 2 120 "$fdisplay", v000001533206aa30_0, "\012>>> INJECTING REQUEST: %s <<<", v0000015331fcf600_0 {0 0 0};
    %load/vec4 v0000015331fcfce0_0;
    %flag_set/vec4 8;
    %jmp/0xz  T_1.0, 8;
    %pushi/vec4 0, 0, 1;
    %store/vec4 v000001533206bd90_0, 0, 1;
    %pushi/vec4 1, 0, 1;
    %store/vec4 v000001533206a2b0_0, 0, 1;
    %pushi/vec4 0, 0, 32;
    %store/vec4 v000001533206a350_0, 0, 32;
    %pushi/vec4 0, 0, 1;
    %store/vec4 v000001533206ad50_0, 0, 1;
    %pushi/vec4 0, 0, 2;
    %store/vec4 v000001533206be30_0, 0, 2;
    %wait E_0000015331ffd330;
    %pushi/vec4 1, 0, 1;
    %store/vec4 v000001533206a2b0_0, 0, 1;
    %load/vec4 v0000015331fcf420_0;
    %inv;
    %store/vec4 v000001533206a350_0, 0, 32;
    %pushi/vec4 0, 0, 1;
    %store/vec4 v000001533206ad50_0, 0, 1;
    %pushi/vec4 0, 0, 2;
    %store/vec4 v000001533206be30_0, 0, 2;
    %wait E_0000015331ffd330;
    %jmp T_1.1;
T_1.0 ;
    %pushi/vec4 0, 0, 1;
    %store/vec4 v000001533206bd90_0, 0, 1;
    %pushi/vec4 1, 0, 1;
    %store/vec4 v000001533206a2b0_0, 0, 1;
    %load/vec4 v0000015331fcf420_0;
    %cmpi/e 0, 0, 32;
    %flag_mov 8, 4;
    %jmp/0 T_1.2, 8;
    %pushi/vec4 8, 0, 32;
    %jmp/1 T_1.3, 8;
T_1.2 ; End of true expr.
    %pushi/vec4 0, 0, 32;
    %jmp/0 T_1.3, 8;
 ; End of false expr.
    %blend;
T_1.3;
    %store/vec4 v000001533206a350_0, 0, 32;
    %pushi/vec4 0, 0, 1;
    %store/vec4 v000001533206ad50_0, 0, 1;
    %pushi/vec4 0, 0, 2;
    %store/vec4 v000001533206be30_0, 0, 2;
    %wait E_0000015331ffd330;
T_1.1 ;
    %pushi/vec4 1, 0, 1;
    %store/vec4 v000001533206bd90_0, 0, 1;
    %pushi/vec4 1, 0, 1;
    %store/vec4 v000001533206a2b0_0, 0, 1;
    %load/vec4 v0000015331fcf420_0;
    %store/vec4 v000001533206a350_0, 0, 32;
    %load/vec4 v0000015331fd01e0_0;
    %store/vec4 v000001533206ad50_0, 0, 1;
    %load/vec4 v0000015331fcfb00_0;
    %store/vec4 v000001533206be30_0, 0, 2;
    %wait E_0000015331ffd330;
T_1.4 ;
    %load/vec4 v000001533206a530_0;
    %flag_set/vec4 8;
    %jmp/0xz T_1.5, 8;
    %wait E_0000015331ffd330;
    %jmp T_1.4;
T_1.5 ;
    %pushi/vec4 0, 0, 1;
    %store/vec4 v000001533206bd90_0, 0, 1;
    %pushi/vec4 0, 0, 1;
    %store/vec4 v000001533206a2b0_0, 0, 1;
    %wait E_0000015331ffd330;
    %wait E_0000015331ffd330;
    %wait E_0000015331ffd330;
    %wait E_0000015331ffd330;
    %end;
S_0000015331ff25a0 .scope task, "make_pipelined_request" "make_pipelined_request" 2 98, 2 98 0, S_0000015331ff55a0;
 .timescale -9 -12;
v0000015331fcf9c0_0 .var "addr", 31 0;
v0000015331fcede0_0 .var "desc", 320 1;
v0000015331fd0000_0 .var "priv", 1 0;
v0000015331fd0a00_0 .var "write_en", 0 0;
TD_memory_firewall_tb.make_pipelined_request ;
    %vpi_call 2 100 "$display", "\012>>> INJECTING REQUEST: %s <<<", v0000015331fcede0_0 {0 0 0};
    %vpi_call 2 101 "$fdisplay", v000001533206aa30_0, "\012>>> INJECTING REQUEST: %s <<<", v0000015331fcede0_0 {0 0 0};
    %pushi/vec4 1, 0, 1;
    %store/vec4 v000001533206bd90_0, 0, 1;
    %pushi/vec4 1, 0, 1;
    %store/vec4 v000001533206a2b0_0, 0, 1;
    %load/vec4 v0000015331fcf9c0_0;
    %store/vec4 v000001533206a350_0, 0, 32;
    %load/vec4 v0000015331fd0a00_0;
    %store/vec4 v000001533206ad50_0, 0, 1;
    %load/vec4 v0000015331fd0000_0;
    %store/vec4 v000001533206be30_0, 0, 2;
    %wait E_0000015331ffd330;
T_2.6 ;
    %load/vec4 v000001533206a530_0;
    %flag_set/vec4 8;
    %jmp/0xz T_2.7, 8;
    %wait E_0000015331ffd330;
    %jmp T_2.6;
T_2.7 ;
    %end;
S_0000015331fe1f70 .scope task, "print_phase_header" "print_phase_header" 2 85, 2 85 0, S_0000015331ff55a0;
 .timescale -9 -12;
v0000015331fcff60_0 .var "msg", 320 1;
TD_memory_firewall_tb.print_phase_header ;
    %vpi_call 2 88 "$display", "\012==================================================" {0 0 0};
    %vpi_call 2 89 "$display", "=== %s ===", v0000015331fcff60_0 {0 0 0};
    %vpi_call 2 90 "$display", "==================================================" {0 0 0};
    %vpi_call 2 91 "$fdisplay", v000001533206aa30_0, "\012==================================================" {0 0 0};
    %vpi_call 2 92 "$fdisplay", v000001533206aa30_0, "=== %s ===", v0000015331fcff60_0 {0 0 0};
    %vpi_call 2 93 "$fdisplay", v000001533206aa30_0, "==================================================" {0 0 0};
    %end;
S_0000015331fe2100 .scope function.vec4.s64, "priv_str" "priv_str" 2 60, 2 60 0, S_0000015331ff55a0;
 .timescale -9 -12;
v0000015331fcfba0_0 .var "priv", 1 0;
; Variable priv_str is vec4 return value of scope S_0000015331fe2100
TD_memory_firewall_tb.priv_str ;
    %load/vec4 v0000015331fcfba0_0;
    %dup/vec4;
    %pushi/vec4 0, 0, 2;
    %cmp/u;
    %jmp/1 T_4.8, 6;
    %dup/vec4;
    %pushi/vec4 1, 0, 2;
    %cmp/u;
    %jmp/1 T_4.9, 6;
    %dup/vec4;
    %pushi/vec4 2, 0, 2;
    %cmp/u;
    %jmp/1 T_4.10, 6;
    %dup/vec4;
    %pushi/vec4 3, 0, 2;
    %cmp/u;
    %jmp/1 T_4.11, 6;
    %jmp T_4.12;
T_4.8 ;
    %pushi/vec4 0, 0, 32; draw_string_vec4
    %pushi/vec4 1431520594, 0, 32; draw_string_vec4
    %concat/vec4; draw_string_vec4
    %ret/vec4 0, 0, 64;  Assign to priv_str (store_vec4_to_lval)
    %jmp T_4.12;
T_4.9 ;
    %pushi/vec4 21337, 0, 32; draw_string_vec4
    %pushi/vec4 1398031693, 0, 32; draw_string_vec4
    %concat/vec4; draw_string_vec4
    %ret/vec4 0, 0, 64;  Assign to priv_str (store_vec4_to_lval)
    %jmp T_4.12;
T_4.10 ;
    %pushi/vec4 19269, 0, 32; draw_string_vec4
    %pushi/vec4 1380861260, 0, 32; draw_string_vec4
    %concat/vec4; draw_string_vec4
    %ret/vec4 0, 0, 64;  Assign to priv_str (store_vec4_to_lval)
    %jmp T_4.12;
T_4.11 ;
    %pushi/vec4 21317, 0, 32; draw_string_vec4
    %pushi/vec4 1129665093, 0, 32; draw_string_vec4
    %concat/vec4; draw_string_vec4
    %ret/vec4 0, 0, 64;  Assign to priv_str (store_vec4_to_lval)
    %jmp T_4.12;
T_4.12 ;
    %pop/vec4 1;
    %end;
S_0000015331fe9920 .scope function.vec4.s80, "threat_str" "threat_str" 2 72, 2 72 0, S_0000015331ff55a0;
 .timescale -9 -12;
v0000015331fd0640_0 .var "threat", 1 0;
; Variable threat_str is vec4 return value of scope S_0000015331fe9920
TD_memory_firewall_tb.threat_str ;
    %load/vec4 v0000015331fd0640_0;
    %dup/vec4;
    %pushi/vec4 0, 0, 2;
    %cmp/u;
    %jmp/1 T_5.13, 6;
    %dup/vec4;
    %pushi/vec4 1, 0, 2;
    %cmp/u;
    %jmp/1 T_5.14, 6;
    %dup/vec4;
    %pushi/vec4 2, 0, 2;
    %cmp/u;
    %jmp/1 T_5.15, 6;
    %dup/vec4;
    %pushi/vec4 3, 0, 2;
    %cmp/u;
    %jmp/1 T_5.16, 6;
    %jmp T_5.17;
T_5.13 ;
    %pushi/vec4 0, 0, 32; draw_string_vec4
    %pushi/vec4 1313821261, 0, 32; draw_string_vec4
    %concat/vec4; draw_string_vec4
    %pushi/vec4 16716, 0, 16; draw_string_vec4
    %concat/vec4; draw_string_vec4
    %ret/vec4 0, 0, 80;  Assign to threat_str (store_vec4_to_lval)
    %jmp T_5.17;
T_5.14 ;
    %pushi/vec4 1398100816, 0, 32; draw_string_vec4
    %pushi/vec4 1229146447, 0, 32; draw_string_vec4
    %concat/vec4; draw_string_vec4
    %pushi/vec4 21843, 0, 16; draw_string_vec4
    %concat/vec4; draw_string_vec4
    %ret/vec4 0, 0, 80;  Assign to threat_str (store_vec4_to_lval)
    %jmp T_5.17;
T_5.15 ;
    %pushi/vec4 0, 0, 32; draw_string_vec4
    %pushi/vec4 1096045633, 0, 32; draw_string_vec4
    %concat/vec4; draw_string_vec4
    %pushi/vec4 17227, 0, 16; draw_string_vec4
    %concat/vec4; draw_string_vec4
    %ret/vec4 0, 0, 80;  Assign to threat_str (store_vec4_to_lval)
    %jmp T_5.17;
T_5.16 ;
    %pushi/vec4 17234, 0, 32; draw_string_vec4
    %pushi/vec4 1230260547, 0, 32; draw_string_vec4
    %concat/vec4; draw_string_vec4
    %pushi/vec4 16716, 0, 16; draw_string_vec4
    %concat/vec4; draw_string_vec4
    %ret/vec4 0, 0, 80;  Assign to threat_str (store_vec4_to_lval)
    %jmp T_5.17;
T_5.17 ;
    %pop/vec4 1;
    %end;
S_0000015331fe9ab0 .scope module, "uut" "memory_firewall_top" 2 27, 3 1 0, S_0000015331ff55a0;
 .timescale 0 0;
    .port_info 0 /INPUT 1 "clk";
    .port_info 1 /INPUT 1 "reset";
    .port_info 2 /INPUT 1 "input_valid";
    .port_info 3 /INPUT 32 "address";
    .port_info 4 /INPUT 1 "rw";
    .port_info 5 /INPUT 2 "privilege";
    .port_info 6 /OUTPUT 1 "access_granted";
    .port_info 7 /OUTPUT 1 "access_denied";
    .port_info 8 /OUTPUT 1 "alert";
    .port_info 9 /OUTPUT 2 "threat_level";
    .port_info 10 /OUTPUT 8 "total_violations";
    .port_info 11 /OUTPUT 32 "dbg_addr_s1";
    .port_info 12 /OUTPUT 32 "dbg_addr_s2";
    .port_info 13 /OUTPUT 32 "dbg_addr_s3";
    .port_info 14 /OUTPUT 1 "dbg_valid_s1";
    .port_info 15 /OUTPUT 1 "dbg_valid_s2";
    .port_info 16 /OUTPUT 1 "dbg_valid_s3";
    .port_info 17 /OUTPUT 1 "dbg_stall";
    .port_info 18 /OUTPUT 1 "dbg_cache_hit";
L_0000015331fdeb50 .functor BUFZ 32, v0000015332068ca0_0, C4<00000000000000000000000000000000>, C4<00000000000000000000000000000000>, C4<00000000000000000000000000000000>;
L_0000015331fdebc0 .functor BUFZ 32, v0000015332068980_0, C4<00000000000000000000000000000000>, C4<00000000000000000000000000000000>, C4<00000000000000000000000000000000>;
L_0000015331fdeca0 .functor BUFZ 32, v0000015332068d40_0, C4<00000000000000000000000000000000>, C4<00000000000000000000000000000000>, C4<00000000000000000000000000000000>;
L_0000015331fded10 .functor BUFZ 1, v000001533206bed0_0, C4<0>, C4<0>, C4<0>;
L_0000015331fded80 .functor BUFZ 1, v000001533206bbb0_0, C4<0>, C4<0>, C4<0>;
L_0000015331fdedf0 .functor BUFZ 1, v000001533206ac10_0, C4<0>, C4<0>, C4<0>;
L_0000015331fdee60 .functor BUFZ 1, L_0000015331fdf2c0, C4<0>, C4<0>, C4<0>;
L_0000015331fdf020 .functor BUFZ 1, L_0000015331fdf100, C4<0>, C4<0>, C4<0>;
L_0000015331f94d90 .functor AND 1, L_0000015331f949a0, L_000001533206f8b0, C4<1>, C4<1>;
L_0000015331f95180 .functor AND 1, v000001533206ac10_0, L_0000015331f95110, C4<1>, C4<1>;
L_0000015331f951f0 .functor AND 1, L_0000015331f95180, v0000015332066790_0, C4<1>, C4<1>;
L_0000015331fc3b50 .functor BUFZ 1, v000001533206ac10_0, C4<0>, C4<0>, C4<0>;
v0000015332068e80_0 .net *"_ivl_21", 0 0, L_000001533206f8b0;  1 drivers
v0000015332068b60_0 .net *"_ivl_25", 0 0, L_0000015331f95180;  1 drivers
L_0000015332074240 .functor BUFT 1, C4<0>, C4<0>, C4<0>, C4<0>;
v0000015332068660_0 .net/2u *"_ivl_30", 0 0, L_0000015332074240;  1 drivers
v0000015332069ba0_0 .net "access_denied", 0 0, v00000153320670f0_0;  alias, 1 drivers
v0000015332069060_0 .net "access_granted", 0 0, v00000153320674b0_0;  alias, 1 drivers
v0000015332068ca0_0 .var "addr_s1", 31 0;
v0000015332068980_0 .var "addr_s2", 31 0;
v0000015332068d40_0 .var "addr_s3", 31 0;
v0000015332069740_0 .net "address", 31 0, v000001533206a350_0;  1 drivers
v000001533206a000_0 .net "alert", 0 0, v0000015332067410_0;  alias, 1 drivers
v0000015332069920_0 .net "cache_hit", 0 0, L_0000015331fdf100;  1 drivers
v0000015332069420_0 .net "cache_miss", 0 0, L_0000015331fdf170;  1 drivers
v0000015332069100_0 .net "clk", 0 0, v000001533206ab70_0;  1 drivers
v00000153320691a0_0 .net "dbg_addr_s1", 31 0, L_0000015331fdeb50;  alias, 1 drivers
v0000015332069880_0 .net "dbg_addr_s2", 31 0, L_0000015331fdebc0;  alias, 1 drivers
v0000015332069e20_0 .net "dbg_addr_s3", 31 0, L_0000015331fdeca0;  alias, 1 drivers
v00000153320692e0_0 .net "dbg_cache_hit", 0 0, L_0000015331fdf020;  alias, 1 drivers
v0000015332069d80_0 .net "dbg_stall", 0 0, L_0000015331fdee60;  alias, 1 drivers
v00000153320694c0_0 .net "dbg_valid_s1", 0 0, L_0000015331fded10;  alias, 1 drivers
v0000015332068840_0 .net "dbg_valid_s2", 0 0, L_0000015331fded80;  alias, 1 drivers
v0000015332069560_0 .net "dbg_valid_s3", 0 0, L_0000015331fdedf0;  alias, 1 drivers
v0000015332069600_0 .net "fsm_log_en", 0 0, v0000015332066790_0;  1 drivers
v00000153320697e0_0 .net "fsm_valid", 0 0, L_0000015331fc3b50;  1 drivers
v00000153320699c0_0 .net "fwd_locked_regions_s2", 15 0, L_0000015331f94bd0;  1 drivers
v0000015332069a60_0 .net "fwd_threat_level_s2", 1 0, L_0000015331f94a10;  1 drivers
v0000015332069c40_0 .net "input_valid", 0 0, v000001533206a2b0_0;  1 drivers
v00000153320682a0_0 .net "intrusion_detected", 0 0, L_0000015331f95110;  1 drivers
v0000015332068200_0 .net "intrusion_detected_to_fsm", 0 0, L_000001533206eff0;  1 drivers
v0000015332069ec0_0 .net "is_locked_s2", 0 0, L_000001533206ed70;  1 drivers
v0000015332068520_0 .net "is_locked_s3", 0 0, L_000001533206ff90;  1 drivers
v0000015332068160_0 .net "is_valid_s2_comb", 0 0, L_0000015331f949a0;  1 drivers
v0000015332068700_0 .net "is_valid_s2_final", 0 0, L_0000015331f94d90;  1 drivers
v00000153320687a0_0 .var "is_valid_s3", 0 0;
v00000153320688e0_0 .net "locked_regions", 15 0, v0000015332066a10_0;  1 drivers
v000001533206b250_0 .net "log_en", 0 0, L_0000015331f951f0;  1 drivers
v000001533206b6b0_0 .var "priv_s1", 1 0;
v000001533206a670_0 .var "priv_s2", 1 0;
v000001533206b7f0_0 .var "priv_s3", 1 0;
v000001533206af30_0 .net "privilege", 1 0, v000001533206be30_0;  1 drivers
v000001533206b1b0_0 .net "readonly_s2", 0 0, v0000015332067e10_0;  1 drivers
v000001533206b750_0 .net "region_s1_comb", 3 0, v0000015332067ff0_0;  1 drivers
v000001533206b430_0 .var "region_s2", 3 0;
v000001533206b9d0_0 .var "region_s3", 3 0;
v000001533206bcf0_0 .net "req_privilege_s2", 1 0, v0000015332067eb0_0;  1 drivers
v000001533206a7b0_0 .net "reset", 0 0, v000001533206a490_0;  1 drivers
v000001533206bb10_0 .net "rw", 0 0, v000001533206ad50_0;  1 drivers
v000001533206a170_0 .var "rw_s1", 0 0;
v000001533206b890_0 .var "rw_s2", 0 0;
v000001533206ae90_0 .var "rw_s3", 0 0;
v000001533206bf70_0 .net "stall", 0 0, L_0000015331fdf2c0;  1 drivers
v000001533206b4d0_0 .net "threat_level", 1 0, v0000015332069b00_0;  alias, 1 drivers
v000001533206a850_0 .net "total_violations", 7 0, v0000015332069380_0;  alias, 1 drivers
v000001533206bed0_0 .var "valid_s1", 0 0;
v000001533206bbb0_0 .var "valid_s2", 0 0;
v000001533206ac10_0 .var "valid_s3", 0 0;
L_000001533206ff90 .part/v v0000015332066a10_0, v000001533206b9d0_0, 1;
L_000001533206ed70 .part/v L_0000015331f94bd0, v000001533206b430_0, 1;
L_000001533206f8b0 .reduce/nor L_000001533206ed70;
L_000001533206eff0 .functor MUXZ 1, L_0000015332074240, L_0000015331f95110, L_0000015331fc3b50, C4<>;
S_0000015331f7fd50 .scope module, "u_access_control" "access_control" 3 107, 4 1 0, S_0000015331fe9ab0;
 .timescale 0 0;
    .port_info 0 /INPUT 2 "privilege";
    .port_info 1 /INPUT 1 "rw";
    .port_info 2 /INPUT 2 "req_privilege";
    .port_info 3 /INPUT 1 "readonly";
    .port_info 4 /OUTPUT 1 "is_valid";
L_0000015331fdf330 .functor AND 1, v000001533206b890_0, v0000015332067e10_0, C4<1>, C4<1>;
L_0000015331f952d0 .functor NOT 1, L_0000015331fdf330, C4<0>, C4<0>, C4<0>;
L_0000015331f949a0 .functor AND 1, L_000001533206f810, L_0000015331f952d0, C4<1>, C4<1>;
v0000015331fcf380_0 .net *"_ivl_2", 0 0, L_0000015331fdf330;  1 drivers
v0000015331fd0280_0 .net "is_valid", 0 0, L_0000015331f949a0;  alias, 1 drivers
v0000015331fcfc40_0 .net "priv_ok", 0 0, L_000001533206f810;  1 drivers
v0000015331fd0b40_0 .net "privilege", 1 0, v000001533206a670_0;  1 drivers
v0000015331fcf6a0_0 .net "readonly", 0 0, v0000015332067e10_0;  alias, 1 drivers
v0000015331fcf100_0 .net "req_privilege", 1 0, v0000015332067eb0_0;  alias, 1 drivers
v0000015331fd05a0_0 .net "rw", 0 0, v000001533206b890_0;  1 drivers
v0000015331fcef20_0 .net "rw_ok", 0 0, L_0000015331f952d0;  1 drivers
L_000001533206f810 .cmp/ge 2, v000001533206a670_0, v0000015332067eb0_0;
S_0000015331f7fee0 .scope module, "u_cache" "cache" 3 89, 5 1 0, S_0000015331fe9ab0;
 .timescale 0 0;
    .port_info 0 /INPUT 1 "clk";
    .port_info 1 /INPUT 1 "reset";
    .port_info 2 /INPUT 32 "address";
    .port_info 3 /INPUT 1 "rw";
    .port_info 4 /OUTPUT 1 "cache_hit";
    .port_info 5 /OUTPUT 1 "cache_miss";
P_0000015331fdd060 .param/l "ADDR_WIDTH" 0 5 2, +C4<00000000000000000000000000100000>;
P_0000015331fdd098 .param/l "CACHE_LINES" 0 5 3, +C4<00000000000000000000000000010000>;
P_0000015331fdd0d0 .param/l "INDEX_WIDTH" 1 5 13, +C4<00000000000000000000000000000100>;
L_0000015331fdf100 .functor AND 1, L_000001533206fa90, L_000001533206f6d0, C4<1>, C4<1>;
L_0000015331fdf170 .functor NOT 1, L_0000015331fdf100, C4<0>, C4<0>, C4<0>;
v0000015331fd0320_0 .net *"_ivl_10", 27 0, L_000001533206ea50;  1 drivers
v0000015331fd0aa0_0 .net *"_ivl_12", 5 0, L_000001533206e410;  1 drivers
L_00000153320741b0 .functor BUFT 1, C4<00>, C4<0>, C4<0>, C4<0>;
v0000015331fcfec0_0 .net *"_ivl_15", 1 0, L_00000153320741b0;  1 drivers
v0000015331fcefc0_0 .net *"_ivl_16", 0 0, L_000001533206f6d0;  1 drivers
v0000015331fd00a0_0 .net *"_ivl_4", 0 0, L_000001533206fa90;  1 drivers
v0000015331fcf060_0 .net *"_ivl_6", 5 0, L_000001533206e2d0;  1 drivers
L_0000015332074168 .functor BUFT 1, C4<00>, C4<0>, C4<0>, C4<0>;
v0000015331fd06e0_0 .net *"_ivl_9", 1 0, L_0000015332074168;  1 drivers
v0000015331fd08c0_0 .net "address", 31 0, v0000015332068980_0;  1 drivers
v0000015331fd0960_0 .net "cache_hit", 0 0, L_0000015331fdf100;  alias, 1 drivers
v0000015331fd0c80_0 .net "cache_miss", 0 0, L_0000015331fdf170;  alias, 1 drivers
v0000015331fd0140_0 .net "clk", 0 0, v000001533206ab70_0;  alias, 1 drivers
v0000015331fd03c0_0 .var/i "i", 31 0;
v0000015331fcf240_0 .net "index", 3 0, L_000001533206fef0;  1 drivers
v0000015331fd0780_0 .net "reset", 0 0, v000001533206a490_0;  alias, 1 drivers
v0000015331fd0460_0 .net "rw", 0 0, v000001533206b890_0;  alias, 1 drivers
v0000015331fcf740_0 .net "tag", 27 0, L_000001533206ecd0;  1 drivers
v0000015331fcf7e0 .array "tag_array", 15 0, 27 0;
v0000015331fd0500 .array "valid_array", 15 0, 0 0;
E_0000015331ffdb30 .event posedge, v0000015331fd0780_0, v0000015331fd0140_0;
L_000001533206fef0 .part v0000015332068980_0, 0, 4;
L_000001533206ecd0 .part v0000015332068980_0, 4, 28;
L_000001533206fa90 .array/port v0000015331fd0500, L_000001533206e2d0;
L_000001533206e2d0 .concat [ 4 2 0 0], L_000001533206fef0, L_0000015332074168;
L_000001533206ea50 .array/port v0000015331fcf7e0, L_000001533206e410;
L_000001533206e410 .concat [ 4 2 0 0], L_000001533206fef0, L_00000153320741b0;
L_000001533206f6d0 .cmp/eq 28, L_000001533206ea50, L_000001533206ecd0;
S_0000015331f75800 .scope module, "u_forwarding" "forwarding_unit" 3 126, 6 1 0, S_0000015331fe9ab0;
 .timescale 0 0;
    .port_info 0 /INPUT 2 "threat_level_s3";
    .port_info 1 /INPUT 16 "locked_regions_s3";
    .port_info 2 /OUTPUT 2 "fwd_threat_level_s2";
    .port_info 3 /OUTPUT 16 "fwd_locked_regions_s2";
L_0000015331f94a10 .functor BUFZ 2, v0000015332069b00_0, C4<00>, C4<00>, C4<00>;
L_0000015331f94bd0 .functor BUFZ 16, v0000015332066a10_0, C4<0000000000000000>, C4<0000000000000000>, C4<0000000000000000>;
v0000015331fcf880_0 .net "fwd_locked_regions_s2", 15 0, L_0000015331f94bd0;  alias, 1 drivers
v0000015331fd0820_0 .net "fwd_threat_level_s2", 1 0, L_0000015331f94a10;  alias, 1 drivers
v0000015331fd0be0_0 .net "locked_regions_s3", 15 0, v0000015332066a10_0;  alias, 1 drivers
v0000015331fcf920_0 .net "threat_level_s3", 1 0, v0000015332069b00_0;  alias, 1 drivers
S_0000015332065dc0 .scope module, "u_fsm_controller" "fsm_controller" 3 188, 7 1 0, S_0000015331fe9ab0;
 .timescale 0 0;
    .port_info 0 /INPUT 1 "clk";
    .port_info 1 /INPUT 1 "reset";
    .port_info 2 /INPUT 32 "address";
    .port_info 3 /INPUT 1 "rw";
    .port_info 4 /INPUT 2 "privilege";
    .port_info 5 /INPUT 1 "intrusion_detected";
    .port_info 6 /OUTPUT 1 "log_en";
    .port_info 7 /OUTPUT 1 "access_granted";
    .port_info 8 /OUTPUT 1 "access_denied";
    .port_info 9 /OUTPUT 1 "alert";
P_0000015331fdd5e0 .param/l "EVAL" 1 7 13, C4<01>;
P_0000015331fdd618 .param/l "IDLE" 1 7 13, C4<00>;
P_0000015331fdd650 .param/l "RESOLVE" 1 7 13, C4<10>;
L_0000015331fc36f0 .functor XOR 1, v000001533206ae90_0, v0000015332067550_0, C4<0>, C4<0>;
L_0000015331fc2d50 .functor OR 1, L_000001533206f590, L_0000015331fc36f0, C4<0>, C4<0>;
L_0000015331fc2dc0 .functor OR 1, L_0000015331fc2d50, L_000001533206e370, C4<0>, C4<0>;
v0000015331fc3f40_0 .net *"_ivl_0", 0 0, L_000001533206f590;  1 drivers
v0000015331fc4580_0 .net *"_ivl_2", 0 0, L_0000015331fc36f0;  1 drivers
v0000015331fc3fe0_0 .net *"_ivl_5", 0 0, L_0000015331fc2d50;  1 drivers
v0000015332067af0_0 .net *"_ivl_6", 0 0, L_000001533206e370;  1 drivers
v00000153320670f0_0 .var "access_denied", 0 0;
v00000153320674b0_0 .var "access_granted", 0 0;
v0000015332067730_0 .net "address", 31 0, v0000015332068d40_0;  1 drivers
v0000015332067410_0 .var "alert", 0 0;
v0000015332066650_0 .net "clk", 0 0, v000001533206ab70_0;  alias, 1 drivers
v00000153320677d0_0 .net "intrusion_detected", 0 0, L_000001533206eff0;  alias, 1 drivers
v00000153320661f0_0 .var "last_addr", 31 0;
v0000015332067190_0 .var "last_priv", 1 0;
v0000015332067550_0 .var "last_rw", 0 0;
v0000015332066790_0 .var "log_en", 0 0;
v0000015332067230_0 .net "new_request", 0 0, L_0000015331fc2dc0;  1 drivers
v00000153320675f0_0 .net "privilege", 1 0, v000001533206b7f0_0;  1 drivers
v0000015332066f10_0 .net "reset", 0 0, v000001533206a490_0;  alias, 1 drivers
v00000153320672d0_0 .net "rw", 0 0, v000001533206ae90_0;  1 drivers
v0000015332067690_0 .var "state", 1 0;
L_000001533206f590 .cmp/ne 32, v0000015332068d40_0, v00000153320661f0_0;
L_000001533206e370 .cmp/ne 2, v000001533206b7f0_0, v0000015332067190_0;
S_0000015332065910 .scope module, "u_hazard_detect" "hazard_detection" 3 74, 8 1 0, S_0000015331fe9ab0;
 .timescale 0 0;
    .port_info 0 /INPUT 1 "valid_s1";
    .port_info 1 /INPUT 1 "valid_s2";
    .port_info 2 /INPUT 32 "addr_s1";
    .port_info 3 /INPUT 32 "addr_s2";
    .port_info 4 /OUTPUT 1 "stall";
L_0000015331fdeed0 .functor AND 1, v000001533206bed0_0, v000001533206bbb0_0, C4<1>, C4<1>;
L_0000015331fdf2c0 .functor AND 1, L_0000015331fdeed0, L_0000015331fcfd80, C4<1>, C4<1>;
v0000015332066dd0_0 .net *"_ivl_1", 0 0, L_0000015331fdeed0;  1 drivers
v0000015332066e70_0 .net *"_ivl_2", 0 0, L_0000015331fcfd80;  1 drivers
v00000153320666f0_0 .net "addr_s1", 31 0, v0000015332068ca0_0;  1 drivers
v0000015332066fb0_0 .net "addr_s2", 31 0, v0000015332068980_0;  alias, 1 drivers
v0000015332066b50_0 .net "stall", 0 0, L_0000015331fdf2c0;  alias, 1 drivers
v0000015332067050_0 .net "valid_s1", 0 0, v000001533206bed0_0;  1 drivers
v0000015332067870_0 .net "valid_s2", 0 0, v000001533206bbb0_0;  1 drivers
L_0000015331fcfd80 .cmp/eq 32, v0000015332068ca0_0, v0000015332068980_0;
S_0000015332065f50 .scope module, "u_intrusion_detection" "intrusion_detection" 3 137, 9 1 0, S_0000015331fe9ab0;
 .timescale 0 0;
    .port_info 0 /INPUT 1 "is_valid";
    .port_info 1 /INPUT 1 "is_locked";
    .port_info 2 /INPUT 2 "privilege";
    .port_info 3 /OUTPUT 1 "intrusion_detected";
L_0000015331f94e00 .functor NOT 1, v00000153320687a0_0, C4<0>, C4<0>, C4<0>;
L_0000015331f94e70 .functor AND 1, L_000001533206ff90, L_000001533206f770, C4<1>, C4<1>;
L_0000015331f95110 .functor OR 1, L_0000015331f94e00, L_0000015331f94e70, C4<0>, C4<0>;
v0000015332066ab0_0 .net *"_ivl_0", 0 0, L_0000015331f94e00;  1 drivers
L_00000153320741f8 .functor BUFT 1, C4<10>, C4<0>, C4<0>, C4<0>;
v0000015332067910_0 .net/2u *"_ivl_2", 1 0, L_00000153320741f8;  1 drivers
v0000015332067370_0 .net *"_ivl_4", 0 0, L_000001533206f770;  1 drivers
v0000015332066290_0 .net *"_ivl_7", 0 0, L_0000015331f94e70;  1 drivers
v0000015332066510_0 .net "intrusion_detected", 0 0, L_0000015331f95110;  alias, 1 drivers
v00000153320665b0_0 .net "is_locked", 0 0, L_000001533206ff90;  alias, 1 drivers
v0000015332066d30_0 .net "is_valid", 0 0, v00000153320687a0_0;  1 drivers
v00000153320679b0_0 .net "privilege", 1 0, v000001533206b7f0_0;  alias, 1 drivers
L_000001533206f770 .cmp/gt 2, L_00000153320741f8, v000001533206b7f0_0;
S_0000015332065aa0 .scope module, "u_logger" "logger" 3 156, 10 1 0, S_0000015331fe9ab0;
 .timescale 0 0;
    .port_info 0 /INPUT 1 "clk";
    .port_info 1 /INPUT 1 "reset";
    .port_info 2 /INPUT 1 "log_en";
    .port_info 3 /INPUT 32 "address";
    .port_info 4 /INPUT 4 "region";
    .port_info 5 /INPUT 1 "rw";
    .port_info 6 /INPUT 2 "privilege";
v0000015332066970_0 .net "address", 31 0, v0000015332068d40_0;  alias, 1 drivers
v0000015332067a50_0 .net "clk", 0 0, v000001533206ab70_0;  alias, 1 drivers
v0000015332066150 .array "log_buffer", 3 0, 40 0;
v0000015332067b90_0 .net "log_en", 0 0, L_0000015331f951f0;  alias, 1 drivers
v0000015332066830_0 .net "privilege", 1 0, v000001533206b7f0_0;  alias, 1 drivers
v0000015332067c30_0 .var "ptr", 1 0;
v0000015332067f50_0 .net "region", 3 0, v000001533206b9d0_0;  1 drivers
v00000153320668d0_0 .net "reset", 0 0, v000001533206a490_0;  alias, 1 drivers
v0000015332067cd0_0 .net "rw", 0 0, v000001533206ae90_0;  alias, 1 drivers
S_00000153320652d0 .scope module, "u_policy_engine" "policy_engine" 3 100, 11 1 0, S_0000015331fe9ab0;
 .timescale 0 0;
    .port_info 0 /INPUT 4 "region";
    .port_info 1 /OUTPUT 2 "req_privilege";
    .port_info 2 /OUTPUT 1 "readonly";
v0000015332067e10_0 .var "readonly", 0 0;
v00000153320663d0_0 .net "region", 3 0, v000001533206b430_0;  1 drivers
v0000015332067eb0_0 .var "req_privilege", 1 0;
E_0000015331ffd430 .event anyedge, v00000153320663d0_0;
S_0000015332065140 .scope module, "u_region_decoder" "region_decoder" 3 63, 12 1 0, S_0000015331fe9ab0;
 .timescale 0 0;
    .port_info 0 /INPUT 32 "address";
    .port_info 1 /OUTPUT 4 "region";
v0000015332067d70_0 .net "address", 31 0, v0000015332068ca0_0;  alias, 1 drivers
v0000015332067ff0_0 .var "region", 3 0;
E_0000015331ffd830 .event anyedge, v00000153320666f0_0;
S_0000015332065460 .scope module, "u_region_lock" "region_lock" 3 175, 13 1 0, S_0000015331fe9ab0;
 .timescale 0 0;
    .port_info 0 /INPUT 1 "clk";
    .port_info 1 /INPUT 1 "reset";
    .port_info 2 /INPUT 4 "region";
    .port_info 3 /INPUT 1 "log_en";
    .port_info 4 /INPUT 2 "threat_level";
    .port_info 5 /OUTPUT 16 "locked_regions";
v0000015332066330_0 .net "clk", 0 0, v000001533206ab70_0;  alias, 1 drivers
v0000015332066470_0 .var/i "i", 31 0;
v0000015332066a10_0 .var "locked_regions", 15 0;
v0000015332066bf0_0 .net "log_en", 0 0, L_0000015331f951f0;  alias, 1 drivers
v0000015332066c90_0 .net "region", 3 0, v000001533206b9d0_0;  alias, 1 drivers
v00000153320683e0 .array "region_violations", 15 0, 7 0;
v00000153320685c0_0 .net "reset", 0 0, v000001533206a490_0;  alias, 1 drivers
v0000015332068fc0_0 .net "threat_level", 1 0, v0000015332069b00_0;  alias, 1 drivers
S_0000015332065c30 .scope module, "u_threat_analysis" "threat_analysis" 3 166, 14 1 0, S_0000015331fe9ab0;
 .timescale 0 0;
    .port_info 0 /INPUT 1 "clk";
    .port_info 1 /INPUT 1 "reset";
    .port_info 2 /INPUT 1 "log_en";
    .port_info 3 /INPUT 32 "address";
    .port_info 4 /INPUT 8 "total_violations";
    .port_info 5 /OUTPUT 2 "threat_level";
v0000015332069ce0_0 .net "address", 31 0, v0000015332068d40_0;  alias, 1 drivers
v0000015332068ac0_0 .net "clk", 0 0, v000001533206ab70_0;  alias, 1 drivers
v0000015332068f20_0 .var "last_attack_addr", 31 0;
v0000015332068a20_0 .net "log_en", 0 0, L_0000015331f951f0;  alias, 1 drivers
v0000015332069f60_0 .var "repeated_attack_cnt", 3 0;
v0000015332068c00_0 .net "reset", 0 0, v000001533206a490_0;  alias, 1 drivers
v0000015332069240_0 .var "scan_cnt", 3 0;
v0000015332069b00_0 .var "threat_level", 1 0;
v0000015332068480_0 .net "total_violations", 7 0, v0000015332069380_0;  alias, 1 drivers
S_00000153320655f0 .scope module, "u_violation_counter" "violation_counter" 3 149, 15 1 0, S_0000015331fe9ab0;
 .timescale 0 0;
    .port_info 0 /INPUT 1 "clk";
    .port_info 1 /INPUT 1 "reset";
    .port_info 2 /INPUT 1 "log_en";
    .port_info 3 /OUTPUT 8 "total_violations";
v00000153320696a0_0 .net "clk", 0 0, v000001533206ab70_0;  alias, 1 drivers
v0000015332068340_0 .net "log_en", 0 0, L_0000015331f951f0;  alias, 1 drivers
v0000015332068de0_0 .net "reset", 0 0, v000001533206a490_0;  alias, 1 drivers
v0000015332069380_0 .var "total_violations", 7 0;
    .scope S_0000015332065140;
T_6 ;
    %wait E_0000015331ffd830;
    %load/vec4 v0000015332067d70_0;
    %parti/s 4, 28, 6;
    %dup/vec4;
    %pushi/vec4 0, 0, 4;
    %cmp/u;
    %jmp/1 T_6.0, 6;
    %dup/vec4;
    %pushi/vec4 1, 0, 4;
    %cmp/u;
    %jmp/1 T_6.1, 6;
    %dup/vec4;
    %pushi/vec4 2, 0, 4;
    %cmp/u;
    %jmp/1 T_6.2, 6;
    %dup/vec4;
    %pushi/vec4 3, 0, 4;
    %cmp/u;
    %jmp/1 T_6.3, 6;
    %dup/vec4;
    %pushi/vec4 4, 0, 4;
    %cmp/u;
    %jmp/1 T_6.4, 6;
    %dup/vec4;
    %pushi/vec4 5, 0, 4;
    %cmp/u;
    %jmp/1 T_6.5, 6;
    %pushi/vec4 15, 0, 4;
    %store/vec4 v0000015332067ff0_0, 0, 4;
    %jmp T_6.7;
T_6.0 ;
    %pushi/vec4 0, 0, 4;
    %store/vec4 v0000015332067ff0_0, 0, 4;
    %jmp T_6.7;
T_6.1 ;
    %pushi/vec4 1, 0, 4;
    %store/vec4 v0000015332067ff0_0, 0, 4;
    %jmp T_6.7;
T_6.2 ;
    %pushi/vec4 2, 0, 4;
    %store/vec4 v0000015332067ff0_0, 0, 4;
    %jmp T_6.7;
T_6.3 ;
    %pushi/vec4 3, 0, 4;
    %store/vec4 v0000015332067ff0_0, 0, 4;
    %jmp T_6.7;
T_6.4 ;
    %pushi/vec4 4, 0, 4;
    %store/vec4 v0000015332067ff0_0, 0, 4;
    %jmp T_6.7;
T_6.5 ;
    %pushi/vec4 5, 0, 4;
    %store/vec4 v0000015332067ff0_0, 0, 4;
    %jmp T_6.7;
T_6.7 ;
    %pop/vec4 1;
    %jmp T_6;
    .thread T_6, $push;
    .scope S_0000015331f7fee0;
T_7 ;
    %wait E_0000015331ffdb30;
    %load/vec4 v0000015331fd0780_0;
    %flag_set/vec4 8;
    %jmp/0xz  T_7.0, 8;
    %pushi/vec4 0, 0, 32;
    %store/vec4 v0000015331fd03c0_0, 0, 32;
T_7.2 ;
    %load/vec4 v0000015331fd03c0_0;
    %cmpi/s 16, 0, 32;
    %jmp/0xz T_7.3, 5;
    %pushi/vec4 0, 0, 1;
    %ix/getv/s 3, v0000015331fd03c0_0;
    %ix/load 4, 0, 0; Constant delay
    %assign/vec4/a/d v0000015331fd0500, 0, 4;
    %load/vec4 v0000015331fd03c0_0;
    %addi 1, 0, 32;
    %store/vec4 v0000015331fd03c0_0, 0, 32;
    %jmp T_7.2;
T_7.3 ;
    %jmp T_7.1;
T_7.0 ;
    %load/vec4 v0000015331fd0c80_0;
    %flag_set/vec4 8;
    %jmp/0xz  T_7.4, 8;
    %pushi/vec4 1, 0, 1;
    %load/vec4 v0000015331fcf240_0;
    %pad/u 6;
    %ix/vec4 3;
    %ix/load 4, 0, 0; Constant delay
    %assign/vec4/a/d v0000015331fd0500, 0, 4;
    %load/vec4 v0000015331fcf740_0;
    %load/vec4 v0000015331fcf240_0;
    %pad/u 6;
    %ix/vec4 3;
    %ix/load 4, 0, 0; Constant delay
    %assign/vec4/a/d v0000015331fcf7e0, 0, 4;
T_7.4 ;
T_7.1 ;
    %jmp T_7;
    .thread T_7;
    .scope S_00000153320652d0;
T_8 ;
    %wait E_0000015331ffd430;
    %load/vec4 v00000153320663d0_0;
    %dup/vec4;
    %pushi/vec4 0, 0, 4;
    %cmp/u;
    %jmp/1 T_8.0, 6;
    %dup/vec4;
    %pushi/vec4 1, 0, 4;
    %cmp/u;
    %jmp/1 T_8.1, 6;
    %dup/vec4;
    %pushi/vec4 2, 0, 4;
    %cmp/u;
    %jmp/1 T_8.2, 6;
    %dup/vec4;
    %pushi/vec4 3, 0, 4;
    %cmp/u;
    %jmp/1 T_8.3, 6;
    %dup/vec4;
    %pushi/vec4 4, 0, 4;
    %cmp/u;
    %jmp/1 T_8.4, 6;
    %pushi/vec4 3, 0, 2;
    %store/vec4 v0000015332067eb0_0, 0, 2;
    %pushi/vec4 1, 0, 1;
    %store/vec4 v0000015332067e10_0, 0, 1;
    %jmp T_8.6;
T_8.0 ;
    %pushi/vec4 0, 0, 2;
    %store/vec4 v0000015332067eb0_0, 0, 2;
    %pushi/vec4 0, 0, 1;
    %store/vec4 v0000015332067e10_0, 0, 1;
    %jmp T_8.6;
T_8.1 ;
    %pushi/vec4 1, 0, 2;
    %store/vec4 v0000015332067eb0_0, 0, 2;
    %pushi/vec4 0, 0, 1;
    %store/vec4 v0000015332067e10_0, 0, 1;
    %jmp T_8.6;
T_8.2 ;
    %pushi/vec4 2, 0, 2;
    %store/vec4 v0000015332067eb0_0, 0, 2;
    %pushi/vec4 1, 0, 1;
    %store/vec4 v0000015332067e10_0, 0, 1;
    %jmp T_8.6;
T_8.3 ;
    %pushi/vec4 3, 0, 2;
    %store/vec4 v0000015332067eb0_0, 0, 2;
    %pushi/vec4 0, 0, 1;
    %store/vec4 v0000015332067e10_0, 0, 1;
    %jmp T_8.6;
T_8.4 ;
    %pushi/vec4 2, 0, 2;
    %store/vec4 v0000015332067eb0_0, 0, 2;
    %pushi/vec4 0, 0, 1;
    %store/vec4 v0000015332067e10_0, 0, 1;
    %jmp T_8.6;
T_8.6 ;
    %pop/vec4 1;
    %jmp T_8;
    .thread T_8, $push;
    .scope S_00000153320655f0;
T_9 ;
    %wait E_0000015331ffdb30;
    %load/vec4 v0000015332068de0_0;
    %flag_set/vec4 8;
    %jmp/0xz  T_9.0, 8;
    %pushi/vec4 0, 0, 8;
    %assign/vec4 v0000015332069380_0, 0;
    %jmp T_9.1;
T_9.0 ;
    %load/vec4 v0000015332068340_0;
    %flag_set/vec4 8;
    %jmp/0xz  T_9.2, 8;
    %load/vec4 v0000015332069380_0;
    %cmpi/u 255, 0, 8;
    %jmp/0xz  T_9.4, 5;
    %load/vec4 v0000015332069380_0;
    %addi 1, 0, 8;
    %assign/vec4 v0000015332069380_0, 0;
T_9.4 ;
T_9.2 ;
T_9.1 ;
    %jmp T_9;
    .thread T_9;
    .scope S_0000015332065aa0;
T_10 ;
    %wait E_0000015331ffdb30;
    %load/vec4 v00000153320668d0_0;
    %flag_set/vec4 8;
    %jmp/0xz  T_10.0, 8;
    %pushi/vec4 0, 0, 2;
    %assign/vec4 v0000015332067c30_0, 0;
    %pushi/vec4 0, 0, 41;
    %ix/load 3, 0, 0;
    %flag_set/imm 4, 0;
    %ix/load 4, 0, 0; Constant delay
    %assign/vec4/a/d v0000015332066150, 0, 4;
    %pushi/vec4 0, 0, 41;
    %ix/load 3, 1, 0;
    %flag_set/imm 4, 0;
    %ix/load 4, 0, 0; Constant delay
    %assign/vec4/a/d v0000015332066150, 0, 4;
    %pushi/vec4 0, 0, 41;
    %ix/load 3, 2, 0;
    %flag_set/imm 4, 0;
    %ix/load 4, 0, 0; Constant delay
    %assign/vec4/a/d v0000015332066150, 0, 4;
    %pushi/vec4 0, 0, 41;
    %ix/load 3, 3, 0;
    %flag_set/imm 4, 0;
    %ix/load 4, 0, 0; Constant delay
    %assign/vec4/a/d v0000015332066150, 0, 4;
    %jmp T_10.1;
T_10.0 ;
    %load/vec4 v0000015332067b90_0;
    %flag_set/vec4 8;
    %jmp/0xz  T_10.2, 8;
    %load/vec4 v0000015332066970_0;
    %load/vec4 v0000015332067f50_0;
    %concat/vec4; draw_concat_vec4
    %load/vec4 v0000015332067cd0_0;
    %concat/vec4; draw_concat_vec4
    %load/vec4 v0000015332066830_0;
    %concat/vec4; draw_concat_vec4
    %pad/u 41;
    %load/vec4 v0000015332067c30_0;
    %pad/u 4;
    %ix/vec4 3;
    %ix/load 4, 0, 0; Constant delay
    %assign/vec4/a/d v0000015332066150, 0, 4;
    %load/vec4 v0000015332067c30_0;
    %addi 1, 0, 2;
    %assign/vec4 v0000015332067c30_0, 0;
T_10.2 ;
T_10.1 ;
    %jmp T_10;
    .thread T_10;
    .scope S_0000015332065c30;
T_11 ;
    %wait E_0000015331ffdb30;
    %load/vec4 v0000015332068c00_0;
    %flag_set/vec4 8;
    %jmp/0xz  T_11.0, 8;
    %pushi/vec4 0, 0, 2;
    %assign/vec4 v0000015332069b00_0, 0;
    %pushi/vec4 0, 0, 32;
    %assign/vec4 v0000015332068f20_0, 0;
    %pushi/vec4 0, 0, 4;
    %assign/vec4 v0000015332069f60_0, 0;
    %pushi/vec4 0, 0, 4;
    %assign/vec4 v0000015332069240_0, 0;
    %jmp T_11.1;
T_11.0 ;
    %load/vec4 v0000015332068a20_0;
    %flag_set/vec4 8;
    %jmp/0xz  T_11.2, 8;
    %load/vec4 v0000015332069ce0_0;
    %load/vec4 v0000015332068f20_0;
    %cmp/e;
    %jmp/0xz  T_11.4, 4;
    %load/vec4 v0000015332069f60_0;
    %cmpi/u 15, 0, 4;
    %jmp/0xz  T_11.6, 5;
    %load/vec4 v0000015332069f60_0;
    %addi 1, 0, 4;
    %assign/vec4 v0000015332069f60_0, 0;
T_11.6 ;
    %pushi/vec4 0, 0, 4;
    %assign/vec4 v0000015332069240_0, 0;
    %jmp T_11.5;
T_11.4 ;
    %load/vec4 v0000015332069ce0_0;
    %load/vec4 v0000015332068f20_0;
    %addi 4, 0, 32;
    %cmp/e;
    %jmp/0xz  T_11.8, 4;
    %load/vec4 v0000015332069240_0;
    %cmpi/u 15, 0, 4;
    %jmp/0xz  T_11.10, 5;
    %load/vec4 v0000015332069240_0;
    %addi 1, 0, 4;
    %assign/vec4 v0000015332069240_0, 0;
T_11.10 ;
    %pushi/vec4 0, 0, 4;
    %assign/vec4 v0000015332069f60_0, 0;
    %jmp T_11.9;
T_11.8 ;
    %pushi/vec4 0, 0, 4;
    %assign/vec4 v0000015332069f60_0, 0;
    %pushi/vec4 0, 0, 4;
    %assign/vec4 v0000015332069240_0, 0;
T_11.9 ;
T_11.5 ;
    %load/vec4 v0000015332069ce0_0;
    %assign/vec4 v0000015332068f20_0, 0;
    %load/vec4 v0000015332068480_0;
    %cmpi/u 7, 0, 8;
    %flag_inv 5; GE is !LT
    %jmp/0xz  T_11.12, 5;
    %pushi/vec4 3, 0, 2;
    %assign/vec4 v0000015332069b00_0, 0;
    %jmp T_11.13;
T_11.12 ;
    %load/vec4 v0000015332068480_0;
    %cmpi/u 5, 0, 8;
    %flag_inv 5; GE is !LT
    %jmp/0xz  T_11.14, 5;
    %pushi/vec4 2, 0, 2;
    %assign/vec4 v0000015332069b00_0, 0;
    %jmp T_11.15;
T_11.14 ;
    %load/vec4 v0000015332068480_0;
    %cmpi/u 3, 0, 8;
    %flag_inv 5; GE is !LT
    %jmp/0xz  T_11.16, 5;
    %pushi/vec4 1, 0, 2;
    %assign/vec4 v0000015332069b00_0, 0;
    %jmp T_11.17;
T_11.16 ;
    %pushi/vec4 0, 0, 2;
    %assign/vec4 v0000015332069b00_0, 0;
T_11.17 ;
T_11.15 ;
T_11.13 ;
    %load/vec4 v0000015332069f60_0;
    %cmpi/u 3, 0, 4;
    %flag_inv 5; GE is !LT
    %jmp/1 T_11.20, 5;
    %flag_mov 8, 5;
    %load/vec4 v0000015332069240_0;
    %cmpi/u 3, 0, 4;
    %flag_inv 5; GE is !LT
    %flag_or 5, 8;
T_11.20;
    %jmp/0xz  T_11.18, 5;
    %load/vec4 v0000015332069b00_0;
    %cmpi/u 2, 0, 2;
    %jmp/0xz  T_11.21, 5;
    %pushi/vec4 2, 0, 2;
    %assign/vec4 v0000015332069b00_0, 0;
T_11.21 ;
T_11.18 ;
    %load/vec4 v0000015332069f60_0;
    %cmpi/u 5, 0, 4;
    %flag_inv 5; GE is !LT
    %jmp/1 T_11.25, 5;
    %flag_mov 8, 5;
    %load/vec4 v0000015332069240_0;
    %cmpi/u 5, 0, 4;
    %flag_inv 5; GE is !LT
    %flag_or 5, 8;
T_11.25;
    %jmp/0xz  T_11.23, 5;
    %pushi/vec4 3, 0, 2;
    %assign/vec4 v0000015332069b00_0, 0;
T_11.23 ;
T_11.2 ;
T_11.1 ;
    %jmp T_11;
    .thread T_11;
    .scope S_0000015332065460;
T_12 ;
    %wait E_0000015331ffdb30;
    %load/vec4 v00000153320685c0_0;
    %flag_set/vec4 8;
    %jmp/0xz  T_12.0, 8;
    %pushi/vec4 0, 0, 16;
    %assign/vec4 v0000015332066a10_0, 0;
    %pushi/vec4 0, 0, 32;
    %store/vec4 v0000015332066470_0, 0, 32;
T_12.2 ;
    %load/vec4 v0000015332066470_0;
    %cmpi/s 16, 0, 32;
    %jmp/0xz T_12.3, 5;
    %pushi/vec4 0, 0, 8;
    %ix/getv/s 3, v0000015332066470_0;
    %ix/load 4, 0, 0; Constant delay
    %assign/vec4/a/d v00000153320683e0, 0, 4;
    %load/vec4 v0000015332066470_0;
    %addi 1, 0, 32;
    %store/vec4 v0000015332066470_0, 0, 32;
    %jmp T_12.2;
T_12.3 ;
    %jmp T_12.1;
T_12.0 ;
    %load/vec4 v0000015332066bf0_0;
    %flag_set/vec4 8;
    %jmp/0xz  T_12.4, 8;
    %load/vec4 v0000015332066c90_0;
    %pad/u 6;
    %ix/vec4 4;
    %load/vec4a v00000153320683e0, 4;
    %cmpi/u 255, 0, 8;
    %jmp/0xz  T_12.6, 5;
    %load/vec4 v0000015332066c90_0;
    %pad/u 6;
    %ix/vec4 4;
    %load/vec4a v00000153320683e0, 4;
    %addi 1, 0, 8;
    %load/vec4 v0000015332066c90_0;
    %pad/u 6;
    %ix/vec4 3;
    %ix/load 4, 0, 0; Constant delay
    %assign/vec4/a/d v00000153320683e0, 0, 4;
T_12.6 ;
    %load/vec4 v0000015332068fc0_0;
    %cmpi/e 3, 0, 2;
    %flag_get/vec4 4;
    %jmp/0 T_12.10, 4;
    %pushi/vec4 4, 0, 8;
    %load/vec4 v0000015332066c90_0;
    %pad/u 6;
    %ix/vec4 4;
    %load/vec4a v00000153320683e0, 4;
    %cmp/u;
    %flag_get/vec4 4;
    %flag_get/vec4 5;
    %or;
    %and;
T_12.10;
    %flag_set/vec4 8;
    %jmp/0xz  T_12.8, 8;
    %pushi/vec4 1, 0, 1;
    %ix/load 5, 0, 0;
    %ix/getv 4, v0000015332066c90_0;
    %assign/vec4/off/d v0000015332066a10_0, 4, 5;
T_12.8 ;
T_12.4 ;
T_12.1 ;
    %jmp T_12;
    .thread T_12;
    .scope S_0000015332065dc0;
T_13 ;
    %wait E_0000015331ffdb30;
    %load/vec4 v0000015332066f10_0;
    %flag_set/vec4 8;
    %jmp/0xz  T_13.0, 8;
    %pushi/vec4 0, 0, 2;
    %assign/vec4 v0000015332067690_0, 0;
    %pushi/vec4 0, 0, 1;
    %assign/vec4 v0000015332066790_0, 0;
    %pushi/vec4 0, 0, 1;
    %assign/vec4 v00000153320674b0_0, 0;
    %pushi/vec4 0, 0, 1;
    %assign/vec4 v00000153320670f0_0, 0;
    %pushi/vec4 0, 0, 1;
    %assign/vec4 v0000015332067410_0, 0;
    %pushi/vec4 4294967295, 0, 32;
    %assign/vec4 v00000153320661f0_0, 0;
    %pushi/vec4 0, 0, 1;
    %assign/vec4 v0000015332067550_0, 0;
    %pushi/vec4 0, 0, 2;
    %assign/vec4 v0000015332067190_0, 0;
    %jmp T_13.1;
T_13.0 ;
    %load/vec4 v0000015332067690_0;
    %dup/vec4;
    %pushi/vec4 0, 0, 2;
    %cmp/u;
    %jmp/1 T_13.2, 6;
    %dup/vec4;
    %pushi/vec4 1, 0, 2;
    %cmp/u;
    %jmp/1 T_13.3, 6;
    %dup/vec4;
    %pushi/vec4 2, 0, 2;
    %cmp/u;
    %jmp/1 T_13.4, 6;
    %jmp T_13.5;
T_13.2 ;
    %pushi/vec4 0, 0, 1;
    %assign/vec4 v0000015332066790_0, 0;
    %load/vec4 v0000015332067230_0;
    %flag_set/vec4 8;
    %jmp/0xz  T_13.6, 8;
    %load/vec4 v0000015332067730_0;
    %assign/vec4 v00000153320661f0_0, 0;
    %load/vec4 v00000153320672d0_0;
    %assign/vec4 v0000015332067550_0, 0;
    %load/vec4 v00000153320675f0_0;
    %assign/vec4 v0000015332067190_0, 0;
    %pushi/vec4 1, 0, 2;
    %assign/vec4 v0000015332067690_0, 0;
    %pushi/vec4 0, 0, 1;
    %assign/vec4 v00000153320674b0_0, 0;
    %pushi/vec4 0, 0, 1;
    %assign/vec4 v00000153320670f0_0, 0;
    %pushi/vec4 0, 0, 1;
    %assign/vec4 v0000015332067410_0, 0;
T_13.6 ;
    %jmp T_13.5;
T_13.3 ;
    %load/vec4 v00000153320677d0_0;
    %flag_set/vec4 8;
    %jmp/0xz  T_13.8, 8;
    %pushi/vec4 1, 0, 1;
    %assign/vec4 v00000153320670f0_0, 0;
    %pushi/vec4 1, 0, 1;
    %assign/vec4 v0000015332067410_0, 0;
    %pushi/vec4 1, 0, 1;
    %assign/vec4 v0000015332066790_0, 0;
    %jmp T_13.9;
T_13.8 ;
    %pushi/vec4 1, 0, 1;
    %assign/vec4 v00000153320674b0_0, 0;
T_13.9 ;
    %pushi/vec4 2, 0, 2;
    %assign/vec4 v0000015332067690_0, 0;
    %jmp T_13.5;
T_13.4 ;
    %pushi/vec4 0, 0, 1;
    %assign/vec4 v0000015332066790_0, 0;
    %load/vec4 v0000015332067230_0;
    %flag_set/vec4 8;
    %jmp/0xz  T_13.10, 8;
    %load/vec4 v0000015332067730_0;
    %assign/vec4 v00000153320661f0_0, 0;
    %load/vec4 v00000153320672d0_0;
    %assign/vec4 v0000015332067550_0, 0;
    %load/vec4 v00000153320675f0_0;
    %assign/vec4 v0000015332067190_0, 0;
    %pushi/vec4 1, 0, 2;
    %assign/vec4 v0000015332067690_0, 0;
    %pushi/vec4 0, 0, 1;
    %assign/vec4 v00000153320674b0_0, 0;
    %pushi/vec4 0, 0, 1;
    %assign/vec4 v00000153320670f0_0, 0;
    %pushi/vec4 0, 0, 1;
    %assign/vec4 v0000015332067410_0, 0;
T_13.10 ;
    %jmp T_13.5;
T_13.5 ;
    %pop/vec4 1;
T_13.1 ;
    %jmp T_13;
    .thread T_13;
    .scope S_0000015331fe9ab0;
T_14 ;
    %wait E_0000015331ffdb30;
    %load/vec4 v000001533206a7b0_0;
    %flag_set/vec4 8;
    %jmp/0xz  T_14.0, 8;
    %pushi/vec4 0, 0, 1;
    %assign/vec4 v000001533206bed0_0, 0;
    %pushi/vec4 0, 0, 32;
    %assign/vec4 v0000015332068ca0_0, 0;
    %pushi/vec4 0, 0, 1;
    %assign/vec4 v000001533206a170_0, 0;
    %pushi/vec4 0, 0, 2;
    %assign/vec4 v000001533206b6b0_0, 0;
    %pushi/vec4 0, 0, 1;
    %assign/vec4 v000001533206bbb0_0, 0;
    %pushi/vec4 0, 0, 32;
    %assign/vec4 v0000015332068980_0, 0;
    %pushi/vec4 0, 0, 1;
    %assign/vec4 v000001533206b890_0, 0;
    %pushi/vec4 0, 0, 2;
    %assign/vec4 v000001533206a670_0, 0;
    %pushi/vec4 0, 0, 4;
    %assign/vec4 v000001533206b430_0, 0;
    %pushi/vec4 0, 0, 1;
    %assign/vec4 v000001533206ac10_0, 0;
    %pushi/vec4 0, 0, 32;
    %assign/vec4 v0000015332068d40_0, 0;
    %pushi/vec4 0, 0, 1;
    %assign/vec4 v000001533206ae90_0, 0;
    %pushi/vec4 0, 0, 2;
    %assign/vec4 v000001533206b7f0_0, 0;
    %pushi/vec4 0, 0, 4;
    %assign/vec4 v000001533206b9d0_0, 0;
    %pushi/vec4 0, 0, 1;
    %assign/vec4 v00000153320687a0_0, 0;
    %jmp T_14.1;
T_14.0 ;
    %load/vec4 v000001533206bf70_0;
    %nor/r;
    %flag_set/vec4 8;
    %jmp/0xz  T_14.2, 8;
    %load/vec4 v0000015332069c40_0;
    %assign/vec4 v000001533206bed0_0, 0;
    %load/vec4 v0000015332069740_0;
    %assign/vec4 v0000015332068ca0_0, 0;
    %load/vec4 v000001533206bb10_0;
    %assign/vec4 v000001533206a170_0, 0;
    %load/vec4 v000001533206af30_0;
    %assign/vec4 v000001533206b6b0_0, 0;
T_14.2 ;
    %load/vec4 v000001533206bf70_0;
    %flag_set/vec4 8;
    %jmp/0 T_14.4, 8;
    %pushi/vec4 0, 0, 1;
    %jmp/1 T_14.5, 8;
T_14.4 ; End of true expr.
    %load/vec4 v000001533206bed0_0;
    %jmp/0 T_14.5, 8;
 ; End of false expr.
    %blend;
T_14.5;
    %assign/vec4 v000001533206bbb0_0, 0;
    %load/vec4 v000001533206bf70_0;
    %nor/r;
    %flag_set/vec4 8;
    %jmp/0xz  T_14.6, 8;
    %load/vec4 v0000015332068ca0_0;
    %assign/vec4 v0000015332068980_0, 0;
    %load/vec4 v000001533206a170_0;
    %assign/vec4 v000001533206b890_0, 0;
    %load/vec4 v000001533206b6b0_0;
    %assign/vec4 v000001533206a670_0, 0;
    %load/vec4 v000001533206b750_0;
    %assign/vec4 v000001533206b430_0, 0;
T_14.6 ;
    %load/vec4 v000001533206bbb0_0;
    %assign/vec4 v000001533206ac10_0, 0;
    %load/vec4 v0000015332068980_0;
    %assign/vec4 v0000015332068d40_0, 0;
    %load/vec4 v000001533206b890_0;
    %assign/vec4 v000001533206ae90_0, 0;
    %load/vec4 v000001533206a670_0;
    %assign/vec4 v000001533206b7f0_0, 0;
    %load/vec4 v000001533206b430_0;
    %assign/vec4 v000001533206b9d0_0, 0;
    %load/vec4 v000001533206bbb0_0;
    %flag_set/vec4 8;
    %jmp/0 T_14.8, 8;
    %load/vec4 v0000015332068700_0;
    %jmp/1 T_14.9, 8;
T_14.8 ; End of true expr.
    %pushi/vec4 0, 0, 1;
    %jmp/0 T_14.9, 8;
 ; End of false expr.
    %blend;
T_14.9;
    %assign/vec4 v00000153320687a0_0, 0;
T_14.1 ;
    %jmp T_14;
    .thread T_14;
    .scope S_0000015331ff55a0;
T_15 ;
    %delay 5000, 0;
    %load/vec4 v000001533206ab70_0;
    %inv;
    %store/vec4 v000001533206ab70_0, 0, 1;
    %jmp T_15;
    .thread T_15;
    .scope S_0000015331ff55a0;
T_16 ;
    %wait E_0000015331ffd330;
    %load/vec4 v000001533206a490_0;
    %flag_set/vec4 8;
    %jmp/0xz  T_16.0, 8;
    %pushi/vec4 0, 0, 1;
    %assign/vec4 v000001533206a710_0, 0;
    %pushi/vec4 0, 0, 1;
    %assign/vec4 v000001533206ba70_0, 0;
    %pushi/vec4 0, 0, 1;
    %assign/vec4 v000001533206c010_0, 0;
    %pushi/vec4 0, 0, 1;
    %assign/vec4 v000001533206afd0_0, 0;
    %jmp T_16.1;
T_16.0 ;
    %load/vec4 v000001533206a530_0;
    %nor/r;
    %flag_set/vec4 8;
    %jmp/0xz  T_16.2, 8;
    %load/vec4 v000001533206a2b0_0;
    %load/vec4 v000001533206bd90_0;
    %and;
    %assign/vec4 v000001533206a710_0, 0;
T_16.2 ;
    %load/vec4 v000001533206a530_0;
    %flag_set/vec4 8;
    %jmp/0 T_16.4, 8;
    %pushi/vec4 0, 0, 1;
    %jmp/1 T_16.5, 8;
T_16.4 ; End of true expr.
    %load/vec4 v000001533206a710_0;
    %jmp/0 T_16.5, 8;
 ; End of false expr.
    %blend;
T_16.5;
    %assign/vec4 v000001533206ba70_0, 0;
    %load/vec4 v000001533206ba70_0;
    %assign/vec4 v000001533206c010_0, 0;
    %load/vec4 v000001533206bf70_0;
    %assign/vec4 v000001533206afd0_0, 0;
    %load/vec4 v000001533206bc50_0;
    %load/vec4 v000001533206b070_0;
    %cmp/u;
    %jmp/1 T_16.8, 5;
    %flag_mov 8, 5;
    %load/vec4 v000001533206adf0_0;
    %load/vec4 v000001533206aad0_0;
    %cmp/ne;
    %flag_or 4, 8;
    %flag_mov 5, 4;
T_16.8;
    %jmp/0xz  T_16.6, 5;
    %vpi_call 2 182 "$fdisplay", v000001533206aa30_0, "\012[THREAT UPDATE]" {0 0 0};
    %load/vec4 v000001533206aad0_0;
    %store/vec4 v0000015331fd0640_0, 0, 2;
    %callf/vec4 TD_memory_firewall_tb.threat_str, S_0000015331fe9920;
    %load/vec4 v000001533206adf0_0;
    %store/vec4 v0000015331fd0640_0, 0, 2;
    %callf/vec4 TD_memory_firewall_tb.threat_str, S_0000015331fe9920;
    %vpi_call 2 183 "$fdisplay", v000001533206aa30_0, "Violations = %0d -> %0d | Threat Level = %s -> %s", v000001533206bc50_0, v000001533206b070_0, S<1,vec4,u80>, S<0,vec4,u80> {2 0 0};
    %vpi_call 2 185 "$display", "\012[THREAT UPDATE]" {0 0 0};
    %load/vec4 v000001533206aad0_0;
    %store/vec4 v0000015331fd0640_0, 0, 2;
    %callf/vec4 TD_memory_firewall_tb.threat_str, S_0000015331fe9920;
    %load/vec4 v000001533206adf0_0;
    %store/vec4 v0000015331fd0640_0, 0, 2;
    %callf/vec4 TD_memory_firewall_tb.threat_str, S_0000015331fe9920;
    %vpi_call 2 186 "$display", "Violations = %0d -> %0d | Threat Level = %s -> %s", v000001533206bc50_0, v000001533206b070_0, S<1,vec4,u80>, S<0,vec4,u80> {2 0 0};
    %load/vec4 v000001533206b070_0;
    %store/vec4 v000001533206bc50_0, 0, 8;
    %load/vec4 v000001533206adf0_0;
    %store/vec4 v000001533206aad0_0, 0, 2;
T_16.6 ;
    %load/vec4 v00000153320688e0_0;
    %load/vec4 v000001533206a5d0_0;
    %cmp/ne;
    %jmp/0xz  T_16.9, 4;
    %vpi_call 2 195 "$fdisplay", v000001533206aa30_0, "\012[SECURITY ACTION]" {0 0 0};
    %vpi_call 2 196 "$fdisplay", v000001533206aa30_0, "Region Lockdown Triggered! Locked Regions Map: 16'b%b", v00000153320688e0_0 {0 0 0};
    %vpi_call 2 197 "$display", "\012[SECURITY ACTION]" {0 0 0};
    %vpi_call 2 198 "$display", "Region Lockdown Triggered! Locked Regions Map: 16'b%b", v00000153320688e0_0 {0 0 0};
    %load/vec4 v00000153320688e0_0;
    %store/vec4 v000001533206a5d0_0, 0, 16;
T_16.9 ;
    %load/vec4 v000001533206c010_0;
    %flag_set/vec4 9;
    %flag_get/vec4 9;
    %jmp/0 T_16.14, 9;
    %load/vec4 v000001533206ac10_0;
    %and;
T_16.14;
    %flag_set/vec4 8;
    %jmp/1 T_16.13, 8;
    %load/vec4 v000001533206bf70_0;
    %flag_set/vec4 10;
    %flag_get/vec4 10;
    %jmp/0 T_16.15, 10;
    %load/vec4 v000001533206afd0_0;
    %nor/r;
    %and;
T_16.15;
    %flag_set/vec4 9;
    %flag_or 8, 9;
T_16.13;
    %jmp/0xz  T_16.11, 8;
    %vpi_call 2 204 "$fdisplay", v000001533206aa30_0, "\012[Time: %0t]", $time {0 0 0};
    %vpi_call 2 205 "$display", "\012[Time: %0t]", $time {0 0 0};
    %load/vec4 v000001533206bf70_0;
    %flag_set/vec4 9;
    %flag_get/vec4 9;
    %jmp/0 T_16.18, 9;
    %load/vec4 v000001533206afd0_0;
    %nor/r;
    %and;
T_16.18;
    %flag_set/vec4 8;
    %jmp/0xz  T_16.16, 8;
    %vpi_call 2 208 "$fdisplay", v000001533206aa30_0, "!!! HAZARD DETECTED -> PIPELINE STALLED !!!" {0 0 0};
    %vpi_call 2 209 "$display", "!!! HAZARD DETECTED -> PIPELINE STALLED !!!" {0 0 0};
T_16.16 ;
    %load/vec4 v000001533206c010_0;
    %flag_set/vec4 9;
    %flag_get/vec4 9;
    %jmp/0 T_16.21, 9;
    %load/vec4 v000001533206ac10_0;
    %and;
T_16.21;
    %flag_set/vec4 8;
    %jmp/0xz  T_16.19, 8;
    %load/vec4 v000001533206ae90_0;
    %flag_set/vec4 8;
    %jmp/0 T_16.22, 8;
    %pushi/vec4 1465010516, 0, 32; draw_string_vec4
    %pushi/vec4 69, 0, 8; draw_string_vec4
    %concat/vec4; draw_string_vec4
    %jmp/1 T_16.23, 8;
T_16.22 ; End of true expr.
    %pushi/vec4 5391681, 0, 32; draw_string_vec4
    %pushi/vec4 68, 0, 8; draw_string_vec4
    %concat/vec4; draw_string_vec4
    %jmp/0 T_16.23, 8;
 ; End of false expr.
    %blend;
T_16.23;
    %load/vec4 v000001533206b7f0_0;
    %store/vec4 v0000015331fcfba0_0, 0, 2;
    %callf/vec4 TD_memory_firewall_tb.priv_str, S_0000015331fe2100;
    %vpi_call 2 213 "$fdisplay", v000001533206aa30_0, "EVALUATING REQUEST IN STAGE 3: Addr=0x%08h | RW=%s | Priv=%s", v0000015332068d40_0, S<1,vec4,u40>, S<0,vec4,u64> {2 0 0};
    %load/vec4 v000001533206ae90_0;
    %flag_set/vec4 8;
    %jmp/0 T_16.24, 8;
    %pushi/vec4 1465010516, 0, 32; draw_string_vec4
    %pushi/vec4 69, 0, 8; draw_string_vec4
    %concat/vec4; draw_string_vec4
    %jmp/1 T_16.25, 8;
T_16.24 ; End of true expr.
    %pushi/vec4 5391681, 0, 32; draw_string_vec4
    %pushi/vec4 68, 0, 8; draw_string_vec4
    %concat/vec4; draw_string_vec4
    %jmp/0 T_16.25, 8;
 ; End of false expr.
    %blend;
T_16.25;
    %load/vec4 v000001533206b7f0_0;
    %store/vec4 v0000015331fcfba0_0, 0, 2;
    %callf/vec4 TD_memory_firewall_tb.priv_str, S_0000015331fe2100;
    %vpi_call 2 215 "$display", "EVALUATING REQUEST IN STAGE 3: Addr=0x%08h | RW=%s | Priv=%s", v0000015332068d40_0, S<1,vec4,u40>, S<0,vec4,u64> {2 0 0};
    %load/vec4 v00000153320682a0_0;
    %flag_set/vec4 8;
    %jmp/0 T_16.26, 8;
    %pushi/vec4 5850451, 0, 24; draw_string_vec4
    %jmp/1 T_16.27, 8;
T_16.26 ; End of true expr.
    %pushi/vec4 20047, 0, 24; draw_string_vec4
    %jmp/0 T_16.27, 8;
 ; End of false expr.
    %blend;
T_16.27;
    %load/vec4 v000001533206b4d0_0;
    %store/vec4 v0000015331fd0640_0, 0, 2;
    %callf/vec4 TD_memory_firewall_tb.threat_str, S_0000015331fe9920;
    %load/vec4 v0000015332068520_0;
    %flag_set/vec4 8;
    %jmp/0 T_16.28, 8;
    %pushi/vec4 5850451, 0, 24; draw_string_vec4
    %jmp/1 T_16.29, 8;
T_16.28 ; End of true expr.
    %pushi/vec4 20047, 0, 24; draw_string_vec4
    %jmp/0 T_16.29, 8;
 ; End of false expr.
    %blend;
T_16.29;
    %vpi_call 2 218 "$fdisplay", v000001533206aa30_0, "Security Check -> Intrusion: %s | Threat: %s | Region Locked: %s", S<2,vec4,u24>, S<1,vec4,u80>, S<0,vec4,u24> {3 0 0};
    %load/vec4 v00000153320682a0_0;
    %flag_set/vec4 8;
    %jmp/0 T_16.30, 8;
    %pushi/vec4 5850451, 0, 24; draw_string_vec4
    %jmp/1 T_16.31, 8;
T_16.30 ; End of true expr.
    %pushi/vec4 20047, 0, 24; draw_string_vec4
    %jmp/0 T_16.31, 8;
 ; End of false expr.
    %blend;
T_16.31;
    %load/vec4 v000001533206b4d0_0;
    %store/vec4 v0000015331fd0640_0, 0, 2;
    %callf/vec4 TD_memory_firewall_tb.threat_str, S_0000015331fe9920;
    %load/vec4 v0000015332068520_0;
    %flag_set/vec4 8;
    %jmp/0 T_16.32, 8;
    %pushi/vec4 5850451, 0, 24; draw_string_vec4
    %jmp/1 T_16.33, 8;
T_16.32 ; End of true expr.
    %pushi/vec4 20047, 0, 24; draw_string_vec4
    %jmp/0 T_16.33, 8;
 ; End of false expr.
    %blend;
T_16.33;
    %vpi_call 2 222 "$display", "Security Check -> Intrusion: %s | Threat: %s | Region Locked: %s", S<2,vec4,u24>, S<1,vec4,u80>, S<0,vec4,u24> {3 0 0};
    %vpi_call 2 227 "$fdisplay", v000001533206aa30_0, "\012FINAL DECISION:" {0 0 0};
    %vpi_call 2 228 "$display", "\012FINAL DECISION:" {0 0 0};
    %load/vec4 v000001533206b2f0_0;
    %flag_set/vec4 8;
    %jmp/0xz  T_16.34, 8;
    %vpi_call 2 230 "$fdisplay", v000001533206aa30_0, "-> ACCESS GRANTED" {0 0 0};
    %vpi_call 2 231 "$display", "-> ACCESS GRANTED" {0 0 0};
    %jmp T_16.35;
T_16.34 ;
    %load/vec4 v000001533206b390_0;
    %flag_set/vec4 8;
    %jmp/0xz  T_16.36, 8;
    %vpi_call 2 233 "$fdisplay", v000001533206aa30_0, "-> ACCESS DENIED" {0 0 0};
    %vpi_call 2 234 "$display", "-> ACCESS DENIED" {0 0 0};
    %load/vec4 v0000015332068520_0;
    %flag_set/vec4 8;
    %jmp/0xz  T_16.38, 8;
    %vpi_call 2 237 "$fdisplay", v000001533206aa30_0, "-> REASON: Region %0d is LOCKED", v000001533206b9d0_0 {0 0 0};
    %vpi_call 2 238 "$display", "-> REASON: Region %0d is LOCKED", v000001533206b9d0_0 {0 0 0};
    %jmp T_16.39;
T_16.38 ;
    %load/vec4 v00000153320687a0_0;
    %nor/r;
    %flag_set/vec4 8;
    %jmp/0xz  T_16.40, 8;
    %vpi_call 2 240 "$fdisplay", v000001533206aa30_0, "-> REASON: Policy Violation (Privilege or ReadOnly)" {0 0 0};
    %vpi_call 2 241 "$display", "-> REASON: Policy Violation (Privilege or ReadOnly)" {0 0 0};
    %jmp T_16.41;
T_16.40 ;
    %vpi_call 2 243 "$fdisplay", v000001533206aa30_0, "-> REASON: Security Rule Violation" {0 0 0};
    %vpi_call 2 244 "$display", "-> REASON: Security Rule Violation" {0 0 0};
T_16.41 ;
T_16.39 ;
    %load/vec4 v000001533206a3f0_0;
    %flag_set/vec4 8;
    %jmp/0xz  T_16.42, 8;
    %vpi_call 2 248 "$fdisplay", v000001533206aa30_0, "-> ACTION: Violation Logged & Alert Triggered" {0 0 0};
    %vpi_call 2 249 "$display", "-> ACTION: Violation Logged & Alert Triggered" {0 0 0};
    %jmp T_16.43;
T_16.42 ;
    %vpi_call 2 251 "$fdisplay", v000001533206aa30_0, "-> ACTION: Request Dropped" {0 0 0};
    %vpi_call 2 252 "$display", "-> ACTION: Request Dropped" {0 0 0};
T_16.43 ;
T_16.36 ;
T_16.35 ;
T_16.19 ;
    %vpi_call 2 258 "$fdisplay", v000001533206aa30_0, "\012PIPELINE SNAPSHOT:" {0 0 0};
    %load/vec4 v000001533206bed0_0;
    %flag_set/vec4 8;
    %jmp/0 T_16.44, 8;
    %pushi/vec4 86, 0, 8; draw_string_vec4
    %jmp/1 T_16.45, 8;
T_16.44 ; End of true expr.
    %pushi/vec4 73, 0, 8; draw_string_vec4
    %jmp/0 T_16.45, 8;
 ; End of false expr.
    %blend;
T_16.45;
    %load/vec4 v000001533206bbb0_0;
    %flag_set/vec4 8;
    %jmp/0 T_16.46, 8;
    %pushi/vec4 86, 0, 8; draw_string_vec4
    %jmp/1 T_16.47, 8;
T_16.46 ; End of true expr.
    %pushi/vec4 73, 0, 8; draw_string_vec4
    %jmp/0 T_16.47, 8;
 ; End of false expr.
    %blend;
T_16.47;
    %load/vec4 v000001533206ac10_0;
    %flag_set/vec4 8;
    %jmp/0 T_16.48, 8;
    %pushi/vec4 86, 0, 8; draw_string_vec4
    %jmp/1 T_16.49, 8;
T_16.48 ; End of true expr.
    %pushi/vec4 73, 0, 8; draw_string_vec4
    %jmp/0 T_16.49, 8;
 ; End of false expr.
    %blend;
T_16.49;
    %vpi_call 2 259 "$fdisplay", v000001533206aa30_0, "S1: 0x%08h (%s) | S2: 0x%08h (%s) | S3: 0x%08h (%s)", v0000015332068ca0_0, S<2,vec4,u8>, v0000015332068980_0, S<1,vec4,u8>, v0000015332068d40_0, S<0,vec4,u8> {3 0 0};
    %load/vec4 v000001533206bf70_0;
    %flag_set/vec4 8;
    %jmp/0 T_16.50, 8;
    %pushi/vec4 5850451, 0, 24; draw_string_vec4
    %jmp/1 T_16.51, 8;
T_16.50 ; End of true expr.
    %pushi/vec4 20047, 0, 24; draw_string_vec4
    %jmp/0 T_16.51, 8;
 ; End of false expr.
    %blend;
T_16.51;
    %vpi_call 2 263 "$fdisplay", v000001533206aa30_0, "STALL: %s", S<0,vec4,u24> {1 0 0};
    %vpi_call 2 264 "$fdisplay", v000001533206aa30_0, "--------------------------------------------------" {0 0 0};
    %vpi_call 2 266 "$display", "\012PIPELINE SNAPSHOT:" {0 0 0};
    %load/vec4 v000001533206bed0_0;
    %flag_set/vec4 8;
    %jmp/0 T_16.52, 8;
    %pushi/vec4 86, 0, 8; draw_string_vec4
    %jmp/1 T_16.53, 8;
T_16.52 ; End of true expr.
    %pushi/vec4 73, 0, 8; draw_string_vec4
    %jmp/0 T_16.53, 8;
 ; End of false expr.
    %blend;
T_16.53;
    %load/vec4 v000001533206bbb0_0;
    %flag_set/vec4 8;
    %jmp/0 T_16.54, 8;
    %pushi/vec4 86, 0, 8; draw_string_vec4
    %jmp/1 T_16.55, 8;
T_16.54 ; End of true expr.
    %pushi/vec4 73, 0, 8; draw_string_vec4
    %jmp/0 T_16.55, 8;
 ; End of false expr.
    %blend;
T_16.55;
    %load/vec4 v000001533206ac10_0;
    %flag_set/vec4 8;
    %jmp/0 T_16.56, 8;
    %pushi/vec4 86, 0, 8; draw_string_vec4
    %jmp/1 T_16.57, 8;
T_16.56 ; End of true expr.
    %pushi/vec4 73, 0, 8; draw_string_vec4
    %jmp/0 T_16.57, 8;
 ; End of false expr.
    %blend;
T_16.57;
    %vpi_call 2 267 "$display", "S1: 0x%08h (%s) | S2: 0x%08h (%s) | S3: 0x%08h (%s)", v0000015332068ca0_0, S<2,vec4,u8>, v0000015332068980_0, S<1,vec4,u8>, v0000015332068d40_0, S<0,vec4,u8> {3 0 0};
    %load/vec4 v000001533206bf70_0;
    %flag_set/vec4 8;
    %jmp/0 T_16.58, 8;
    %pushi/vec4 5850451, 0, 24; draw_string_vec4
    %jmp/1 T_16.59, 8;
T_16.58 ; End of true expr.
    %pushi/vec4 20047, 0, 24; draw_string_vec4
    %jmp/0 T_16.59, 8;
 ; End of false expr.
    %blend;
T_16.59;
    %vpi_call 2 271 "$display", "STALL: %s", S<0,vec4,u24> {1 0 0};
    %vpi_call 2 272 "$display", "--------------------------------------------------" {0 0 0};
T_16.11 ;
T_16.1 ;
    %jmp T_16;
    .thread T_16;
    .scope S_0000015331ff55a0;
T_17 ;
    %vpi_func 2 278 "$fopen" 32, "simulation_report.txt", "w" {0 0 0};
    %store/vec4 v000001533206aa30_0, 0, 32;
    %pushi/vec4 0, 0, 1;
    %store/vec4 v000001533206ab70_0, 0, 1;
    %pushi/vec4 1, 0, 1;
    %store/vec4 v000001533206a490_0, 0, 1;
    %pushi/vec4 0, 0, 1;
    %store/vec4 v000001533206a2b0_0, 0, 1;
    %pushi/vec4 0, 0, 1;
    %store/vec4 v000001533206bd90_0, 0, 1;
    %pushi/vec4 0, 0, 32;
    %store/vec4 v000001533206a350_0, 0, 32;
    %pushi/vec4 0, 0, 1;
    %store/vec4 v000001533206ad50_0, 0, 1;
    %pushi/vec4 0, 0, 2;
    %store/vec4 v000001533206be30_0, 0, 2;
    %pushi/vec4 0, 0, 2;
    %store/vec4 v000001533206aad0_0, 0, 2;
    %pushi/vec4 0, 0, 8;
    %store/vec4 v000001533206bc50_0, 0, 8;
    %pushi/vec4 0, 0, 16;
    %store/vec4 v000001533206a5d0_0, 0, 16;
    %vpi_call 2 292 "$dumpfile", "memory_firewall.vcd" {0 0 0};
    %vpi_call 2 293 "$dumpvars", 32'sb00000000000000000000000000000000, S_0000015331ff55a0 {0 0 0};
    %delay 20000, 0;
    %pushi/vec4 0, 0, 1;
    %store/vec4 v000001533206a490_0, 0, 1;
    %delay 20000, 0;
    %vpi_call 2 299 "$fdisplay", v000001533206aa30_0, "======= STARTING MEMORY FIREWALL SECURITY SIMULATION =======" {0 0 0};
    %vpi_call 2 300 "$display", "======= STARTING MEMORY FIREWALL SECURITY SIMULATION =======" {0 0 0};
    %pushi/vec4 0, 0, 32; draw_string_vec4
    %pushi/vec4 0, 0, 32; draw_string_vec4
    %concat/vec4; draw_string_vec4
    %pushi/vec4 0, 0, 32; draw_string_vec4
    %concat/vec4; draw_string_vec4
    %pushi/vec4 0, 0, 32; draw_string_vec4
    %concat/vec4; draw_string_vec4
    %pushi/vec4 20552, 0, 32; draw_string_vec4
    %concat/vec4; draw_string_vec4
    %pushi/vec4 1095976224, 0, 32; draw_string_vec4
    %concat/vec4; draw_string_vec4
    %pushi/vec4 825892942, 0, 32; draw_string_vec4
    %concat/vec4; draw_string_vec4
    %pushi/vec4 1330793793, 0, 32; draw_string_vec4
    %concat/vec4; draw_string_vec4
    %pushi/vec4 1277182275, 0, 32; draw_string_vec4
    %concat/vec4; draw_string_vec4
    %pushi/vec4 1128616787, 0, 32; draw_string_vec4
    %concat/vec4; draw_string_vec4
    %store/vec4 v0000015331fcff60_0, 0, 320;
    %fork TD_memory_firewall_tb.print_phase_header, S_0000015331fe1f70;
    %join;
    %pushi/vec4 4096, 0, 32;
    %store/vec4 v0000015331fcf420_0, 0, 32;
    %pushi/vec4 0, 0, 1;
    %store/vec4 v0000015331fd01e0_0, 0, 1;
    %pushi/vec4 0, 0, 2;
    %store/vec4 v0000015331fcfb00_0, 0, 2;
    %pushi/vec4 0, 0, 1;
    %store/vec4 v0000015331fcfce0_0, 0, 1;
    %pushi/vec4 0, 0, 32; draw_string_vec4
    %pushi/vec4 0, 0, 32; draw_string_vec4
    %concat/vec4; draw_string_vec4
    %pushi/vec4 0, 0, 32; draw_string_vec4
    %concat/vec4; draw_string_vec4
    %pushi/vec4 0, 0, 32; draw_string_vec4
    %concat/vec4; draw_string_vec4
    %pushi/vec4 0, 0, 32; draw_string_vec4
    %concat/vec4; draw_string_vec4
    %pushi/vec4 0, 0, 32; draw_string_vec4
    %concat/vec4; draw_string_vec4
    %pushi/vec4 5661036, 0, 32; draw_string_vec4
    %concat/vec4; draw_string_vec4
    %pushi/vec4 1768169557, 0, 32; draw_string_vec4
    %concat/vec4; draw_string_vec4
    %pushi/vec4 1936028192, 0, 32; draw_string_vec4
    %concat/vec4; draw_string_vec4
    %pushi/vec4 1382375780, 0, 32; draw_string_vec4
    %concat/vec4; draw_string_vec4
    %store/vec4 v0000015331fcf600_0, 0, 320;
    %fork TD_memory_firewall_tb.make_evaluated_request, S_0000015331fbfad0;
    %join;
    %pushi/vec4 0, 0, 32; draw_string_vec4
    %pushi/vec4 0, 0, 32; draw_string_vec4
    %concat/vec4; draw_string_vec4
    %pushi/vec4 0, 0, 32; draw_string_vec4
    %concat/vec4; draw_string_vec4
    %pushi/vec4 0, 0, 32; draw_string_vec4
    %concat/vec4; draw_string_vec4
    %pushi/vec4 5261377, 0, 32; draw_string_vec4
    %concat/vec4; draw_string_vec4
    %pushi/vec4 1397039154, 0, 32; draw_string_vec4
    %concat/vec4; draw_string_vec4
    %pushi/vec4 975194444, 0, 32; draw_string_vec4
    %concat/vec4; draw_string_vec4
    %pushi/vec4 1279608641, 0, 32; draw_string_vec4
    %concat/vec4; draw_string_vec4
    %pushi/vec4 1277182275, 0, 32; draw_string_vec4
    %concat/vec4; draw_string_vec4
    %pushi/vec4 1128616787, 0, 32; draw_string_vec4
    %concat/vec4; draw_string_vec4
    %store/vec4 v0000015331fcff60_0, 0, 320;
    %fork TD_memory_firewall_tb.print_phase_header, S_0000015331fe1f70;
    %join;
    %pushi/vec4 536875008, 0, 32;
    %store/vec4 v0000015331fcf420_0, 0, 32;
    %pushi/vec4 1, 0, 1;
    %store/vec4 v0000015331fd01e0_0, 0, 1;
    %pushi/vec4 0, 0, 2;
    %store/vec4 v0000015331fcfb00_0, 0, 2;
    %pushi/vec4 1, 0, 1;
    %store/vec4 v0000015331fcfce0_0, 0, 1;
    %pushi/vec4 0, 0, 32; draw_string_vec4
    %pushi/vec4 0, 0, 32; draw_string_vec4
    %concat/vec4; draw_string_vec4
    %pushi/vec4 0, 0, 32; draw_string_vec4
    %concat/vec4; draw_string_vec4
    %pushi/vec4 0, 0, 32; draw_string_vec4
    %concat/vec4; draw_string_vec4
    %pushi/vec4 5600101, 0, 32; draw_string_vec4
    %concat/vec4; draw_string_vec4
    %pushi/vec4 1914721394, 0, 32; draw_string_vec4
    %concat/vec4; draw_string_vec4
    %pushi/vec4 1768256288, 0, 32; draw_string_vec4
    %concat/vec4; draw_string_vec4
    %pushi/vec4 1264939630, 0, 32; draw_string_vec4
    %concat/vec4; draw_string_vec4
    %pushi/vec4 1701584983, 0, 32; draw_string_vec4
    %concat/vec4; draw_string_vec4
    %pushi/vec4 1919513701, 0, 32; draw_string_vec4
    %concat/vec4; draw_string_vec4
    %store/vec4 v0000015331fcf600_0, 0, 320;
    %fork TD_memory_firewall_tb.make_evaluated_request, S_0000015331fbfad0;
    %join;
    %pushi/vec4 0, 0, 32; draw_string_vec4
    %pushi/vec4 0, 0, 32; draw_string_vec4
    %concat/vec4; draw_string_vec4
    %pushi/vec4 0, 0, 32; draw_string_vec4
    %concat/vec4; draw_string_vec4
    %pushi/vec4 1346912595, 0, 32; draw_string_vec4
    %concat/vec4; draw_string_vec4
    %pushi/vec4 1159738170, 0, 32; draw_string_vec4
    %concat/vec4; draw_string_vec4
    %pushi/vec4 542262608, 0, 32; draw_string_vec4
    %concat/vec4; draw_string_vec4
    %pushi/vec4 1161909317, 0, 32; draw_string_vec4
    %concat/vec4; draw_string_vec4
    %pushi/vec4 1142969929, 0, 32; draw_string_vec4
    %concat/vec4; draw_string_vec4
    %pushi/vec4 1330397524, 0, 32; draw_string_vec4
    %concat/vec4; draw_string_vec4
    %pushi/vec4 1229934163, 0, 32; draw_string_vec4
    %concat/vec4; draw_string_vec4
    %store/vec4 v0000015331fcff60_0, 0, 320;
    %fork TD_memory_firewall_tb.print_phase_header, S_0000015331fe1f70;
    %join;
    %pushi/vec4 805310464, 0, 32;
    %store/vec4 v0000015331fcf420_0, 0, 32;
    %pushi/vec4 0, 0, 1;
    %store/vec4 v0000015331fd01e0_0, 0, 1;
    %pushi/vec4 0, 0, 2;
    %store/vec4 v0000015331fcfb00_0, 0, 2;
    %pushi/vec4 1, 0, 1;
    %store/vec4 v0000015331fcfce0_0, 0, 1;
    %pushi/vec4 0, 0, 32; draw_string_vec4
    %pushi/vec4 0, 0, 32; draw_string_vec4
    %concat/vec4; draw_string_vec4
    %pushi/vec4 0, 0, 32; draw_string_vec4
    %concat/vec4; draw_string_vec4
    %pushi/vec4 0, 0, 32; draw_string_vec4
    %concat/vec4; draw_string_vec4
    %pushi/vec4 0, 0, 32; draw_string_vec4
    %concat/vec4; draw_string_vec4
    %pushi/vec4 0, 0, 32; draw_string_vec4
    %concat/vec4; draw_string_vec4
    %pushi/vec4 0, 0, 32; draw_string_vec4
    %concat/vec4; draw_string_vec4
    %pushi/vec4 5663087, 0, 32; draw_string_vec4
    %concat/vec4; draw_string_vec4
    %pushi/vec4 1818326121, 0, 32; draw_string_vec4
    %concat/vec4; draw_string_vec4
    %pushi/vec4 1869488177, 0, 32; draw_string_vec4
    %concat/vec4; draw_string_vec4
    %store/vec4 v0000015331fcf600_0, 0, 320;
    %fork TD_memory_firewall_tb.make_evaluated_request, S_0000015331fbfad0;
    %join;
    %pushi/vec4 805314560, 0, 32;
    %store/vec4 v0000015331fcf420_0, 0, 32;
    %pushi/vec4 0, 0, 1;
    %store/vec4 v0000015331fd01e0_0, 0, 1;
    %pushi/vec4 0, 0, 2;
    %store/vec4 v0000015331fcfb00_0, 0, 2;
    %pushi/vec4 1, 0, 1;
    %store/vec4 v0000015331fcfce0_0, 0, 1;
    %pushi/vec4 0, 0, 32; draw_string_vec4
    %pushi/vec4 0, 0, 32; draw_string_vec4
    %concat/vec4; draw_string_vec4
    %pushi/vec4 0, 0, 32; draw_string_vec4
    %concat/vec4; draw_string_vec4
    %pushi/vec4 0, 0, 32; draw_string_vec4
    %concat/vec4; draw_string_vec4
    %pushi/vec4 0, 0, 32; draw_string_vec4
    %concat/vec4; draw_string_vec4
    %pushi/vec4 0, 0, 32; draw_string_vec4
    %concat/vec4; draw_string_vec4
    %pushi/vec4 0, 0, 32; draw_string_vec4
    %concat/vec4; draw_string_vec4
    %pushi/vec4 5663087, 0, 32; draw_string_vec4
    %concat/vec4; draw_string_vec4
    %pushi/vec4 1818326121, 0, 32; draw_string_vec4
    %concat/vec4; draw_string_vec4
    %pushi/vec4 1869488178, 0, 32; draw_string_vec4
    %concat/vec4; draw_string_vec4
    %store/vec4 v0000015331fcf600_0, 0, 320;
    %fork TD_memory_firewall_tb.make_evaluated_request, S_0000015331fbfad0;
    %join;
    %pushi/vec4 805318656, 0, 32;
    %store/vec4 v0000015331fcf420_0, 0, 32;
    %pushi/vec4 0, 0, 1;
    %store/vec4 v0000015331fd01e0_0, 0, 1;
    %pushi/vec4 0, 0, 2;
    %store/vec4 v0000015331fcfb00_0, 0, 2;
    %pushi/vec4 1, 0, 1;
    %store/vec4 v0000015331fcfce0_0, 0, 1;
    %pushi/vec4 0, 0, 32; draw_string_vec4
    %pushi/vec4 0, 0, 32; draw_string_vec4
    %concat/vec4; draw_string_vec4
    %pushi/vec4 0, 0, 32; draw_string_vec4
    %concat/vec4; draw_string_vec4
    %pushi/vec4 0, 0, 32; draw_string_vec4
    %concat/vec4; draw_string_vec4
    %pushi/vec4 0, 0, 32; draw_string_vec4
    %concat/vec4; draw_string_vec4
    %pushi/vec4 0, 0, 32; draw_string_vec4
    %concat/vec4; draw_string_vec4
    %pushi/vec4 0, 0, 32; draw_string_vec4
    %concat/vec4; draw_string_vec4
    %pushi/vec4 5663087, 0, 32; draw_string_vec4
    %concat/vec4; draw_string_vec4
    %pushi/vec4 1818326121, 0, 32; draw_string_vec4
    %concat/vec4; draw_string_vec4
    %pushi/vec4 1869488179, 0, 32; draw_string_vec4
    %concat/vec4; draw_string_vec4
    %store/vec4 v0000015331fcf600_0, 0, 320;
    %fork TD_memory_firewall_tb.make_evaluated_request, S_0000015331fbfad0;
    %join;
    %pushi/vec4 0, 0, 32; draw_string_vec4
    %pushi/vec4 0, 0, 32; draw_string_vec4
    %concat/vec4; draw_string_vec4
    %pushi/vec4 5261377, 0, 32; draw_string_vec4
    %concat/vec4; draw_string_vec4
    %pushi/vec4 1397039156, 0, 32; draw_string_vec4
    %concat/vec4; draw_string_vec4
    %pushi/vec4 975195461, 0, 32; draw_string_vec4
    %concat/vec4; draw_string_vec4
    %pushi/vec4 1297044057, 0, 32; draw_string_vec4
    %concat/vec4; draw_string_vec4
    %pushi/vec4 542327617, 0, 32; draw_string_vec4
    %concat/vec4; draw_string_vec4
    %pushi/vec4 1313753422, 0, 32; draw_string_vec4
    %concat/vec4; draw_string_vec4
    %pushi/vec4 1193296212, 0, 32; draw_string_vec4
    %concat/vec4; draw_string_vec4
    %pushi/vec4 1413563211, 0, 32; draw_string_vec4
    %concat/vec4; draw_string_vec4
    %store/vec4 v0000015331fcff60_0, 0, 320;
    %fork TD_memory_firewall_tb.print_phase_header, S_0000015331fe1f70;
    %join;
    %pushi/vec4 1073741824, 0, 32;
    %store/vec4 v0000015331fcf420_0, 0, 32;
    %pushi/vec4 0, 0, 1;
    %store/vec4 v0000015331fd01e0_0, 0, 1;
    %pushi/vec4 0, 0, 2;
    %store/vec4 v0000015331fcfb00_0, 0, 2;
    %pushi/vec4 1, 0, 1;
    %store/vec4 v0000015331fcfce0_0, 0, 1;
    %pushi/vec4 0, 0, 32; draw_string_vec4
    %pushi/vec4 0, 0, 32; draw_string_vec4
    %concat/vec4; draw_string_vec4
    %pushi/vec4 0, 0, 32; draw_string_vec4
    %concat/vec4; draw_string_vec4
    %pushi/vec4 0, 0, 32; draw_string_vec4
    %concat/vec4; draw_string_vec4
    %pushi/vec4 5464929, 0, 32; draw_string_vec4
    %concat/vec4; draw_string_vec4
    %pushi/vec4 1847607652, 0, 32; draw_string_vec4
    %concat/vec4; draw_string_vec4
    %pushi/vec4 1685218675, 0, 32; draw_string_vec4
    %concat/vec4; draw_string_vec4
    %pushi/vec4 1931489400, 0, 32; draw_string_vec4
    %concat/vec4; draw_string_vec4
    %pushi/vec4 875573296, 0, 32; draw_string_vec4
    %concat/vec4; draw_string_vec4
    %pushi/vec4 808464432, 0, 32; draw_string_vec4
    %concat/vec4; draw_string_vec4
    %store/vec4 v0000015331fcf600_0, 0, 320;
    %fork TD_memory_firewall_tb.make_evaluated_request, S_0000015331fbfad0;
    %join;
    %pushi/vec4 1073741828, 0, 32;
    %store/vec4 v0000015331fcf420_0, 0, 32;
    %pushi/vec4 0, 0, 1;
    %store/vec4 v0000015331fd01e0_0, 0, 1;
    %pushi/vec4 0, 0, 2;
    %store/vec4 v0000015331fcfb00_0, 0, 2;
    %pushi/vec4 1, 0, 1;
    %store/vec4 v0000015331fcfce0_0, 0, 1;
    %pushi/vec4 0, 0, 32; draw_string_vec4
    %pushi/vec4 0, 0, 32; draw_string_vec4
    %concat/vec4; draw_string_vec4
    %pushi/vec4 0, 0, 32; draw_string_vec4
    %concat/vec4; draw_string_vec4
    %pushi/vec4 0, 0, 32; draw_string_vec4
    %concat/vec4; draw_string_vec4
    %pushi/vec4 5464929, 0, 32; draw_string_vec4
    %concat/vec4; draw_string_vec4
    %pushi/vec4 1847607652, 0, 32; draw_string_vec4
    %concat/vec4; draw_string_vec4
    %pushi/vec4 1685218675, 0, 32; draw_string_vec4
    %concat/vec4; draw_string_vec4
    %pushi/vec4 1931489400, 0, 32; draw_string_vec4
    %concat/vec4; draw_string_vec4
    %pushi/vec4 875573296, 0, 32; draw_string_vec4
    %concat/vec4; draw_string_vec4
    %pushi/vec4 808464436, 0, 32; draw_string_vec4
    %concat/vec4; draw_string_vec4
    %store/vec4 v0000015331fcf600_0, 0, 320;
    %fork TD_memory_firewall_tb.make_evaluated_request, S_0000015331fbfad0;
    %join;
    %pushi/vec4 1073741832, 0, 32;
    %store/vec4 v0000015331fcf420_0, 0, 32;
    %pushi/vec4 0, 0, 1;
    %store/vec4 v0000015331fd01e0_0, 0, 1;
    %pushi/vec4 0, 0, 2;
    %store/vec4 v0000015331fcfb00_0, 0, 2;
    %pushi/vec4 1, 0, 1;
    %store/vec4 v0000015331fcfce0_0, 0, 1;
    %pushi/vec4 0, 0, 32; draw_string_vec4
    %pushi/vec4 0, 0, 32; draw_string_vec4
    %concat/vec4; draw_string_vec4
    %pushi/vec4 0, 0, 32; draw_string_vec4
    %concat/vec4; draw_string_vec4
    %pushi/vec4 0, 0, 32; draw_string_vec4
    %concat/vec4; draw_string_vec4
    %pushi/vec4 5464929, 0, 32; draw_string_vec4
    %concat/vec4; draw_string_vec4
    %pushi/vec4 1847607652, 0, 32; draw_string_vec4
    %concat/vec4; draw_string_vec4
    %pushi/vec4 1685218675, 0, 32; draw_string_vec4
    %concat/vec4; draw_string_vec4
    %pushi/vec4 1931489400, 0, 32; draw_string_vec4
    %concat/vec4; draw_string_vec4
    %pushi/vec4 875573296, 0, 32; draw_string_vec4
    %concat/vec4; draw_string_vec4
    %pushi/vec4 808464440, 0, 32; draw_string_vec4
    %concat/vec4; draw_string_vec4
    %store/vec4 v0000015331fcf600_0, 0, 320;
    %fork TD_memory_firewall_tb.make_evaluated_request, S_0000015331fbfad0;
    %join;
    %pushi/vec4 0, 0, 32; draw_string_vec4
    %pushi/vec4 0, 0, 32; draw_string_vec4
    %concat/vec4; draw_string_vec4
    %pushi/vec4 0, 0, 32; draw_string_vec4
    %concat/vec4; draw_string_vec4
    %pushi/vec4 0, 0, 32; draw_string_vec4
    %concat/vec4; draw_string_vec4
    %pushi/vec4 1346912595, 0, 32; draw_string_vec4
    %concat/vec4; draw_string_vec4
    %pushi/vec4 1159738682, 0, 32; draw_string_vec4
    %concat/vec4; draw_string_vec4
    %pushi/vec4 542262599, 0, 32; draw_string_vec4
    %concat/vec4; draw_string_vec4
    %pushi/vec4 1229934112, 0, 32; draw_string_vec4
    %concat/vec4; draw_string_vec4
    %pushi/vec4 1280262987, 0, 32; draw_string_vec4
    %concat/vec4; draw_string_vec4
    %pushi/vec4 1146050382, 0, 32; draw_string_vec4
    %concat/vec4; draw_string_vec4
    %store/vec4 v0000015331fcff60_0, 0, 320;
    %fork TD_memory_firewall_tb.print_phase_header, S_0000015331fe1f70;
    %join;
    %pushi/vec4 1073741836, 0, 32;
    %store/vec4 v0000015331fcf420_0, 0, 32;
    %pushi/vec4 0, 0, 1;
    %store/vec4 v0000015331fd01e0_0, 0, 1;
    %pushi/vec4 0, 0, 2;
    %store/vec4 v0000015331fcfb00_0, 0, 2;
    %pushi/vec4 1, 0, 1;
    %store/vec4 v0000015331fcfce0_0, 0, 1;
    %pushi/vec4 3370437350, 0, 33;
    %concati/vec4 3862978800, 0, 32;
    %concati/vec4 3502293184, 0, 33;
    %concati/vec4 3233857804, 0, 32;
    %concati/vec4 2158036417, 0, 32;
    %concati/vec4 3251223941, 0, 32;
    %concati/vec4 2376181177, 0, 32;
    %concati/vec4 2625720737, 0, 32;
    %concati/vec4 3382037921, 0, 32;
    %concati/vec4 795632681, 0, 30;
    %store/vec4 v0000015331fcf600_0, 0, 320;
    %fork TD_memory_firewall_tb.make_evaluated_request, S_0000015331fbfad0;
    %join;
    %pushi/vec4 1073741840, 0, 32;
    %store/vec4 v0000015331fcf420_0, 0, 32;
    %pushi/vec4 0, 0, 1;
    %store/vec4 v0000015331fd01e0_0, 0, 1;
    %pushi/vec4 0, 0, 2;
    %store/vec4 v0000015331fcfb00_0, 0, 2;
    %pushi/vec4 1, 0, 1;
    %store/vec4 v0000015331fcfce0_0, 0, 1;
    %pushi/vec4 1399021934, 0, 32; draw_string_vec4
    %pushi/vec4 541156452, 0, 32; draw_string_vec4
    %concat/vec4; draw_string_vec4
    %pushi/vec4 1919251315, 0, 32; draw_string_vec4
    %concat/vec4; draw_string_vec4
    %pushi/vec4 540047412, 0, 32; draw_string_vec4
    %concat/vec4; draw_string_vec4
    %pushi/vec4 808464432, 0, 32; draw_string_vec4
    %concat/vec4; draw_string_vec4
    %pushi/vec4 808529952, 0, 32; draw_string_vec4
    %concat/vec4; draw_string_vec4
    %pushi/vec4 676097891, 0, 32; draw_string_vec4
    %concat/vec4; draw_string_vec4
    %pushi/vec4 1802707026, 0, 32; draw_string_vec4
    %concat/vec4; draw_string_vec4
    %pushi/vec4 1701276015, 0, 32; draw_string_vec4
    %concat/vec4; draw_string_vec4
    %pushi/vec4 1847604265, 0, 32; draw_string_vec4
    %concat/vec4; draw_string_vec4
    %store/vec4 v0000015331fcf600_0, 0, 320;
    %fork TD_memory_firewall_tb.make_evaluated_request, S_0000015331fbfad0;
    %join;
    %pushi/vec4 1073741844, 0, 32;
    %store/vec4 v0000015331fcf420_0, 0, 32;
    %pushi/vec4 0, 0, 1;
    %store/vec4 v0000015331fd01e0_0, 0, 1;
    %pushi/vec4 0, 0, 2;
    %store/vec4 v0000015331fcfb00_0, 0, 2;
    %pushi/vec4 1, 0, 1;
    %store/vec4 v0000015331fcfce0_0, 0, 1;
    %pushi/vec4 0, 0, 32; draw_string_vec4
    %pushi/vec4 0, 0, 32; draw_string_vec4
    %concat/vec4; draw_string_vec4
    %pushi/vec4 0, 0, 32; draw_string_vec4
    %concat/vec4; draw_string_vec4
    %pushi/vec4 1097032549, 0, 32; draw_string_vec4
    %concat/vec4; draw_string_vec4
    %pushi/vec4 1936924748, 0, 32; draw_string_vec4
    %concat/vec4; draw_string_vec4
    %pushi/vec4 1868786533, 0, 32; draw_string_vec4
    %concat/vec4; draw_string_vec4
    %pushi/vec4 1679839845, 0, 32; draw_string_vec4
    %concat/vec4; draw_string_vec4
    %pushi/vec4 1734963054, 0, 32; draw_string_vec4
    %concat/vec4; draw_string_vec4
    %pushi/vec4 543257376, 0, 32; draw_string_vec4
    %concat/vec4; draw_string_vec4
    %pushi/vec4 1433625970, 0, 32; draw_string_vec4
    %concat/vec4; draw_string_vec4
    %store/vec4 v0000015331fcf600_0, 0, 320;
    %fork TD_memory_firewall_tb.make_evaluated_request, S_0000015331fbfad0;
    %join;
    %pushi/vec4 1073741848, 0, 32;
    %store/vec4 v0000015331fcf420_0, 0, 32;
    %pushi/vec4 0, 0, 1;
    %store/vec4 v0000015331fd01e0_0, 0, 1;
    %pushi/vec4 2, 0, 2;
    %store/vec4 v0000015331fcfb00_0, 0, 2;
    %pushi/vec4 0, 0, 1;
    %store/vec4 v0000015331fcfce0_0, 0, 1;
    %pushi/vec4 3873849496, 0, 33;
    %concati/vec4 3737573066, 0, 32;
    %concati/vec4 3359679690, 0, 32;
    %concati/vec4 3469926108, 0, 32;
    %concati/vec4 2173029505, 0, 33;
    %concati/vec4 3059164902, 0, 34;
    %concati/vec4 2911110408, 0, 33;
    %concati/vec4 2656835676, 0, 33;
    %concati/vec4 3704099611, 0, 32;
    %concati/vec4 56847145, 0, 26;
    %store/vec4 v0000015331fcf600_0, 0, 320;
    %fork TD_memory_firewall_tb.make_evaluated_request, S_0000015331fbfad0;
    %join;
    %pushi/vec4 0, 0, 32; draw_string_vec4
    %pushi/vec4 0, 0, 32; draw_string_vec4
    %concat/vec4; draw_string_vec4
    %pushi/vec4 5261377, 0, 32; draw_string_vec4
    %concat/vec4; draw_string_vec4
    %pushi/vec4 1397039158, 0, 32; draw_string_vec4
    %concat/vec4; draw_string_vec4
    %pushi/vec4 975196233, 0, 32; draw_string_vec4
    %concat/vec4; draw_string_vec4
    %pushi/vec4 1346718793, 0, 32; draw_string_vec4
    %concat/vec4; draw_string_vec4
    %pushi/vec4 1313153067, 0, 32; draw_string_vec4
    %concat/vec4; draw_string_vec4
    %pushi/vec4 541606234, 0, 32; draw_string_vec4
    %concat/vec4; draw_string_vec4
    %pushi/vec4 1095910432, 0, 32; draw_string_vec4
    %concat/vec4; draw_string_vec4
    %pushi/vec4 1145392463, 0, 32; draw_string_vec4
    %concat/vec4; draw_string_vec4
    %store/vec4 v0000015331fcff60_0, 0, 320;
    %fork TD_memory_firewall_tb.print_phase_header, S_0000015331fe1f70;
    %join;
    %pushi/vec4 268439552, 0, 32;
    %store/vec4 v0000015331fcf9c0_0, 0, 32;
    %pushi/vec4 1, 0, 1;
    %store/vec4 v0000015331fd0a00_0, 0, 1;
    %pushi/vec4 1, 0, 2;
    %store/vec4 v0000015331fd0000_0, 0, 2;
    %pushi/vec4 0, 0, 32; draw_string_vec4
    %pushi/vec4 0, 0, 32; draw_string_vec4
    %concat/vec4; draw_string_vec4
    %pushi/vec4 0, 0, 32; draw_string_vec4
    %concat/vec4; draw_string_vec4
    %pushi/vec4 0, 0, 32; draw_string_vec4
    %concat/vec4; draw_string_vec4
    %pushi/vec4 1467115892, 0, 32; draw_string_vec4
    %concat/vec4; draw_string_vec4
    %pushi/vec4 1696612708, 0, 32; draw_string_vec4
    %concat/vec4; draw_string_vec4
    %pushi/vec4 1685218675, 0, 32; draw_string_vec4
    %concat/vec4; draw_string_vec4
    %pushi/vec4 1931489400, 0, 32; draw_string_vec4
    %concat/vec4; draw_string_vec4
    %pushi/vec4 825241648, 0, 32; draw_string_vec4
    %concat/vec4; draw_string_vec4
    %pushi/vec4 825241648, 0, 32; draw_string_vec4
    %concat/vec4; draw_string_vec4
    %store/vec4 v0000015331fcede0_0, 0, 320;
    %fork TD_memory_firewall_tb.make_pipelined_request, S_0000015331ff25a0;
    %join;
    %pushi/vec4 268439552, 0, 32;
    %store/vec4 v0000015331fcf9c0_0, 0, 32;
    %pushi/vec4 0, 0, 1;
    %store/vec4 v0000015331fd0a00_0, 0, 1;
    %pushi/vec4 1, 0, 2;
    %store/vec4 v0000015331fd0000_0, 0, 2;
    %pushi/vec4 21093, 0, 32; draw_string_vec4
    %pushi/vec4 1633951809, 0, 32; draw_string_vec4
    %concat/vec4; draw_string_vec4
    %pushi/vec4 1684304485, 0, 32; draw_string_vec4
    %concat/vec4; draw_string_vec4
    %pushi/vec4 1936924720, 0, 32; draw_string_vec4
    %concat/vec4; draw_string_vec4
    %pushi/vec4 2016489520, 0, 32; draw_string_vec4
    %concat/vec4; draw_string_vec4
    %pushi/vec4 808529968, 0, 32; draw_string_vec4
    %concat/vec4; draw_string_vec4
    %pushi/vec4 807413827, 0, 32; draw_string_vec4
    %concat/vec4; draw_string_vec4
    %pushi/vec4 1635087205, 0, 32; draw_string_vec4
    %concat/vec4; draw_string_vec4
    %pushi/vec4 1931498356, 0, 32; draw_string_vec4
    %concat/vec4; draw_string_vec4
    %pushi/vec4 1634495529, 0, 32; draw_string_vec4
    %concat/vec4; draw_string_vec4
    %store/vec4 v0000015331fcede0_0, 0, 320;
    %fork TD_memory_firewall_tb.make_pipelined_request, S_0000015331ff25a0;
    %join;
    %fork TD_memory_firewall_tb.end_pipeline, S_0000015331f33cd0;
    %join;
    %delay 50000, 0;
    %pushi/vec4 0, 0, 32; draw_string_vec4
    %pushi/vec4 0, 0, 32; draw_string_vec4
    %concat/vec4; draw_string_vec4
    %pushi/vec4 0, 0, 32; draw_string_vec4
    %concat/vec4; draw_string_vec4
    %pushi/vec4 0, 0, 32; draw_string_vec4
    %concat/vec4; draw_string_vec4
    %pushi/vec4 0, 0, 32; draw_string_vec4
    %concat/vec4; draw_string_vec4
    %pushi/vec4 5261377, 0, 32; draw_string_vec4
    %concat/vec4; draw_string_vec4
    %pushi/vec4 1397039159, 0, 32; draw_string_vec4
    %concat/vec4; draw_string_vec4
    %pushi/vec4 975192897, 0, 32; draw_string_vec4
    %concat/vec4; draw_string_vec4
    %pushi/vec4 1128809760, 0, 32; draw_string_vec4
    %concat/vec4; draw_string_vec4
    %pushi/vec4 1145392463, 0, 32; draw_string_vec4
    %concat/vec4; draw_string_vec4
    %store/vec4 v0000015331fcff60_0, 0, 320;
    %fork TD_memory_firewall_tb.print_phase_header, S_0000015331fe1f70;
    %join;
    %pushi/vec4 536875008, 0, 32;
    %store/vec4 v0000015331fcf420_0, 0, 32;
    %pushi/vec4 0, 0, 1;
    %store/vec4 v0000015331fd01e0_0, 0, 1;
    %pushi/vec4 2, 0, 2;
    %store/vec4 v0000015331fcfb00_0, 0, 2;
    %pushi/vec4 0, 0, 1;
    %store/vec4 v0000015331fcfce0_0, 0, 1;
    %pushi/vec4 0, 0, 32; draw_string_vec4
    %pushi/vec4 0, 0, 32; draw_string_vec4
    %concat/vec4; draw_string_vec4
    %pushi/vec4 0, 0, 32; draw_string_vec4
    %concat/vec4; draw_string_vec4
    %pushi/vec4 18025, 0, 32; draw_string_vec4
    %concat/vec4; draw_string_vec4
    %pushi/vec4 1920168992, 0, 32; draw_string_vec4
    %concat/vec4; draw_string_vec4
    %pushi/vec4 1097032549, 0, 32; draw_string_vec4
    %concat/vec4; draw_string_vec4
    %pushi/vec4 1936924717, 0, 32; draw_string_vec4
    %concat/vec4; draw_string_vec4
    %pushi/vec4 1042301793, 0, 32; draw_string_vec4
    %concat/vec4; draw_string_vec4
    %pushi/vec4 1667786016, 0, 32; draw_string_vec4
    %concat/vec4; draw_string_vec4
    %pushi/vec4 1298756467, 0, 32; draw_string_vec4
    %concat/vec4; draw_string_vec4
    %store/vec4 v0000015331fcf600_0, 0, 320;
    %fork TD_memory_firewall_tb.make_evaluated_request, S_0000015331fbfad0;
    %join;
    %pushi/vec4 536875008, 0, 32;
    %store/vec4 v0000015331fcf420_0, 0, 32;
    %pushi/vec4 0, 0, 1;
    %store/vec4 v0000015331fd01e0_0, 0, 1;
    %pushi/vec4 2, 0, 2;
    %store/vec4 v0000015331fcfb00_0, 0, 2;
    %pushi/vec4 0, 0, 1;
    %store/vec4 v0000015331fcfce0_0, 0, 1;
    %pushi/vec4 0, 0, 32; draw_string_vec4
    %pushi/vec4 0, 0, 32; draw_string_vec4
    %concat/vec4; draw_string_vec4
    %pushi/vec4 0, 0, 32; draw_string_vec4
    %concat/vec4; draw_string_vec4
    %pushi/vec4 21349, 0, 32; draw_string_vec4
    %concat/vec4; draw_string_vec4
    %pushi/vec4 1668247140, 0, 32; draw_string_vec4
    %concat/vec4; draw_string_vec4
    %pushi/vec4 541156195, 0, 32; draw_string_vec4
    %concat/vec4; draw_string_vec4
    %pushi/vec4 1702064928, 0, 32; draw_string_vec4
    %concat/vec4; draw_string_vec4
    %pushi/vec4 759046211, 0, 32; draw_string_vec4
    %concat/vec4; draw_string_vec4
    %pushi/vec4 1633904741, 0, 32; draw_string_vec4
    %concat/vec4; draw_string_vec4
    %pushi/vec4 541616500, 0, 32; draw_string_vec4
    %concat/vec4; draw_string_vec4
    %store/vec4 v0000015331fcf600_0, 0, 320;
    %fork TD_memory_firewall_tb.make_evaluated_request, S_0000015331fbfad0;
    %join;
    %vpi_call 2 342 "$display", "\012================ FINAL REPORT ================" {0 0 0};
    %vpi_call 2 343 "$display", "Total Requests Evaluated : %0d", 32'sb00000000000000000000000000010000 {0 0 0};
    %vpi_call 2 344 "$display", "Total Violations         : %0d", v000001533206b070_0 {0 0 0};
    %load/vec4 v000001533206adf0_0;
    %store/vec4 v0000015331fd0640_0, 0, 2;
    %callf/vec4 TD_memory_firewall_tb.threat_str, S_0000015331fe9920;
    %vpi_call 2 345 "$display", "Final Threat Level       : %s", S<0,vec4,u80> {1 0 0};
    %vpi_call 2 346 "$display", "Locked Regions Map       : 16'b%b", v00000153320688e0_0 {0 0 0};
    %load/vec4 v000001533206adf0_0;
    %cmpi/u 2, 0, 2;
    %flag_inv 5; GE is !LT
    %flag_mov 8, 5;
    %jmp/0 T_17.0, 8;
    %pushi/vec4 1431192645, 0, 32; draw_string_vec4
    %pushi/vec4 1377845588, 0, 32; draw_string_vec4
    %concat/vec4; draw_string_vec4
    %pushi/vec4 1413563211, 0, 32; draw_string_vec4
    %concat/vec4; draw_string_vec4
    %jmp/1 T_17.1, 8;
T_17.0 ; End of true expr.
    %pushi/vec4 0, 0, 32; draw_string_vec4
    %pushi/vec4 21317, 0, 32; draw_string_vec4
    %concat/vec4; draw_string_vec4
    %pushi/vec4 1129665093, 0, 32; draw_string_vec4
    %concat/vec4; draw_string_vec4
    %jmp/0 T_17.1, 8;
 ; End of false expr.
    %blend;
T_17.1;
    %vpi_call 2 347 "$display", "System Status            : %s", S<0,vec4,u96> {1 0 0};
    %vpi_call 2 348 "$display", "=============================================" {0 0 0};
    %vpi_call 2 350 "$fdisplay", v000001533206aa30_0, "\012================ FINAL REPORT ================" {0 0 0};
    %vpi_call 2 351 "$fdisplay", v000001533206aa30_0, "Total Requests Evaluated : %0d", 32'sb00000000000000000000000000010000 {0 0 0};
    %vpi_call 2 352 "$fdisplay", v000001533206aa30_0, "Total Violations         : %0d", v000001533206b070_0 {0 0 0};
    %load/vec4 v000001533206adf0_0;
    %store/vec4 v0000015331fd0640_0, 0, 2;
    %callf/vec4 TD_memory_firewall_tb.threat_str, S_0000015331fe9920;
    %vpi_call 2 353 "$fdisplay", v000001533206aa30_0, "Final Threat Level       : %s", S<0,vec4,u80> {1 0 0};
    %vpi_call 2 354 "$fdisplay", v000001533206aa30_0, "Locked Regions Map       : 16'b%b", v00000153320688e0_0 {0 0 0};
    %load/vec4 v000001533206adf0_0;
    %cmpi/u 2, 0, 2;
    %flag_inv 5; GE is !LT
    %flag_mov 8, 5;
    %jmp/0 T_17.2, 8;
    %pushi/vec4 1431192645, 0, 32; draw_string_vec4
    %pushi/vec4 1377845588, 0, 32; draw_string_vec4
    %concat/vec4; draw_string_vec4
    %pushi/vec4 1413563211, 0, 32; draw_string_vec4
    %concat/vec4; draw_string_vec4
    %jmp/1 T_17.3, 8;
T_17.2 ; End of true expr.
    %pushi/vec4 0, 0, 32; draw_string_vec4
    %pushi/vec4 21317, 0, 32; draw_string_vec4
    %concat/vec4; draw_string_vec4
    %pushi/vec4 1129665093, 0, 32; draw_string_vec4
    %concat/vec4; draw_string_vec4
    %jmp/0 T_17.3, 8;
 ; End of false expr.
    %blend;
T_17.3;
    %vpi_call 2 355 "$fdisplay", v000001533206aa30_0, "System Status            : %s", S<0,vec4,u96> {1 0 0};
    %vpi_call 2 356 "$fdisplay", v000001533206aa30_0, "=============================================" {0 0 0};
    %vpi_call 2 358 "$fclose", v000001533206aa30_0 {0 0 0};
    %vpi_call 2 359 "$display", "======= SIMULATION COMPLETE =======" {0 0 0};
    %vpi_call 2 360 "$finish" {0 0 0};
    %end;
    .thread T_17;
# The file index is used to find the file name in the following table.
:file_names 16;
    "N/A";
    "<interactive>";
    "project/tb/memory_firewall_tb.v";
    "project/src/memory_firewall_top.v";
    "project/src/access_control.v";
    "project/src/cache.v";
    "project/src/forwarding_unit.v";
    "project/src/fsm_controller.v";
    "project/src/hazard_detection.v";
    "project/src/intrusion_detection.v";
    "project/src/logger.v";
    "project/src/policy_engine.v";
    "project/src/region_decoder.v";
    "project/src/region_lock.v";
    "project/src/threat_analysis.v";
    "project/src/violation_counter.v";
